<?xml version="1.0" encoding="UTF-8"?><TestSessionContainer xmlns="http://www.codecover.org/xml/testsession-container" Date="1384907310791" TestSessionContainerId="42f5d89a-34ab-44c2-a7f5-08d8614b24dc" version="1.0">
<SrcFileList>
<SrcFile Content="package ca.usherbrooke.ift232.actuRSS.bdd;&#13;&#10;&#13;&#10;import java.util.Calendar;&#13;&#10;&#13;&#10;public class DatabaseUtil {&#13;&#10;&#13;&#10;&#9;public String ConvertCalendarToString(Calendar date) {&#13;&#10;&#9;&#9;&#13;&#10;&#9;&#9;StringBuffer dateToReturn = new StringBuffer();&#13;&#10;&#9;&#9;&#13;&#10;&#9;&#9;/* Partie Date  **************************************/&#13;&#10;&#9;&#9;&#13;&#10;&#9;&#9;dateToReturn.append(date.get(Calendar.YEAR));&#13;&#10;&#9;&#9;&#13;&#10;&#9;&#9;dateToReturn.append(&quot;-&quot;);&#13;&#10;&#13;&#10;&#9;&#9;dateToReturn.append(this.GetNormalForm(date.get(Calendar.MONTH)));      &#13;&#10;&#13;&#10;&#9;&#9;dateToReturn.append(&quot;-&quot;);&#13;&#10;&#9;&#9;&#13;&#10;&#9;&#9;dateToReturn.append(this.GetNormalForm(date.get(Calendar.DATE)));&#13;&#10;&#9;&#9;&#13;&#10;&#9;&#9;dateToReturn.append(&quot; &quot;);&#13;&#10;&#9;&#9;&#13;&#10;&#9;&#9;/* Partie Heure ************************************/&#13;&#10;&#9;&#9;dateToReturn.append(this.GetNormalForm(date.get(Calendar.HOUR_OF_DAY)));&#13;&#10;&#9;&#9;dateToReturn.append(&quot;:&quot;);&#13;&#10;&#9;&#9;dateToReturn.append(this.GetNormalForm(date.get(Calendar.MINUTE)));&#13;&#10;&#9;&#9;dateToReturn.append(&quot;:&quot;);&#13;&#10;&#9;&#9;dateToReturn.append(this.GetNormalForm(date.get(Calendar.SECOND)));&#13;&#10;&#13;&#10;&#9;&#9;return dateToReturn.toString();&#13;&#10;&#9;}&#13;&#10;&#9;&#13;&#10;&#9;private String GetNormalForm(int value) {&#13;&#10;&#9;&#9;String toReturn = null;&#13;&#10;&#9;&#9;if(value &lt; 10) {&#13;&#10;&#9;&#9;&#9;toReturn = &quot;0&quot; + value;&#13;&#10;&#9;&#9;}&#13;&#10;&#9;&#9;else {&#13;&#10;&#9;&#9;&#9;toReturn = &quot;&quot; + value;&#13;&#10;&#9;&#9;}&#13;&#10;&#9;&#9;return toReturn;&#13;&#10;&#9;}&#13;&#10;&#13;&#10;&#9;public Calendar convertStringToCalendar(String date)&#13;&#10;&#9;{&#13;&#10;&#9;&#9;//YYYY-MM-DD HH:MM:SS.SSS&#13;&#10;&#9;&#9;Calendar calendar = Calendar.getInstance();&#13;&#10;&#9;&#9;&#13;&#10;&#9;&#9;int year = Integer.parseInt(date.substring(0, 4));&#13;&#10;&#9;&#9;int month = Integer.parseInt(date.substring(5, 7));&#13;&#10;&#9;&#9;int day = Integer.parseInt(date.substring(8, 10));&#13;&#10;&#9;&#9;int hourOfDay = Integer.parseInt(date.substring(11, 13));&#13;&#10;&#9;&#9;int minute = Integer.parseInt(date.substring(14, 16));&#13;&#10;&#9;&#9;int second = Integer.parseInt(date.substring(17, 19));&#13;&#10;&#9;&#9;&#13;&#10; &#9;&#9;calendar.set(year, month, day, hourOfDay, minute, second);&#13;&#10;&#9;&#9;&#13;&#10;&#9;&#9;return calendar;&#13;&#10;&#9;}&#13;&#10;}&#13;&#10;" Filename="DatabaseUtil.java" Intrnl_Id="1"/>
<SrcFile Content="package ca.usherbrooke.ift232.actuRSS.bdd;&#10;&#10;&#10;import ca.usherbrooke.ift232.actuRSS.Category;&#10;import ca.usherbrooke.ift232.actuRSS.Feed;&#10;import ca.usherbrooke.ift232.actuRSS.News;&#10;import ca.usherbrooke.ift232.actuRSS.model.*;&#10;&#10;import java.sql.*;&#10;import java.util.ArrayList;&#10;import java.util.Calendar;&#10;&#10;&#10;public class DatabaseManager {&#10;&#9;&#10;&#9;/**&#10;&#9; * Variable privï¿½e&#10;&#9; */&#10;&#9;private Database db;&#10;&#9;private DatabaseUtil dbUtil;&#10;&#9;&#10;&#9;/**&#10;&#9; * Constructeur &#10;&#9; * @param db : classe dataBase&#10;&#9; */&#10;&#9;public DatabaseManager(Database db) {&#10;&#9;&#9;this.db = db;&#10;&#9;&#9;connect();&#10;&#9;}&#10;&#9;&#10;&#9;&#10;&#9;&#10;&#9;/**&#10;&#9; * Permet d'effacer la base de donnï¿½e existante.&#10;&#9; */&#10;&#9;public void deleteDB() {&#10;&#9;&#9;&#10;&#9;&#9;db.updateValue(&quot;drop table if exists News&quot;);&#10;&#9;&#9;db.updateValue(&quot;drop table if exists Feed&quot;);&#10;&#9;&#9;db.updateValue(&quot;drop table if exists Category&quot;);&#10;&#9;&#9;&#10;&#9;}&#10;&#9;&#10;&#9;&#10;&#9;/**&#10;&#9; * Crï¿½ï¿½ les tables Feed, News et Category&#10;&#9; */&#10;&#9;public void createDB() {&#10;&#10;&#9;&#9;db.updateValue(&quot;CREATE TABLE if not exists Feed(&quot;+&#10;&#9;&#9;&#9;&#9;&quot;ID INTEGER PRIMARY KEY AUTOINCREMENT NOT NULL ,&quot;+&#10;&#9;&#9;&#9;&#9;&quot;URL    TEXT ,&quot;+&#10;&#9;&#9;&#9;&#9;&quot;Title  TEXT ,&quot;+&#10;&#9;&#9;&#9;&#9;&quot;ID_Category  INTEGER ,&quot;+&#10;&#9;&#9;&#9;&#9;&quot;FOREIGN KEY (ID_Category) REFERENCES Category(ID)&quot;+&#10;&#9;&#9;&#9;&#9;&quot;);&quot;+&#10;&#10;&#9;&#9;&#9;&#9;&#9;&#9;&#9;&quot;CREATE TABLE if not exists News(&quot;+&#10;&#9;&#9;&#9;&#9;&#9;&#9;&#9;&quot;URL        TEXT PRIMARY KEY NOT NULL ,&quot;+&#10;&#9;&#9;&#9;&#9;&#9;&#9;&#9;&quot;Title      TEXT ,&quot;+&#10;&#9;&#9;&#9;&#9;&#9;&#9;&#9;&quot;Author     TEXT ,&quot;+&#10;&#9;&#9;&#9;&#9;&#9;&#9;&#9;&quot;Date_News  TEXT ,&quot;+ //YYYY-MM-DD HH:MM:SS.SSS&#10;&#9;&#9;&#9;&#9;&#9;&#9;&#9;&quot;Contents   TEXT ,&quot;+&#10;&#9;&#9;&#9;&#9;&#9;&#9;&#9;&quot;Read       INTEGER ,&quot;+&#10;&#9;&#9;&#9;&#9;&#9;&#9;&#9;&quot;Favorite   INTEGER ,&quot;+&#10;&#9;&#9;&#9;&#9;&#9;&#9;&#9;&quot;ID_Feed    INTEGER ,&quot;+&#10;&#9;&#9;&#9;&#9;&#9;&#9;&#9;&quot;FOREIGN KEY (ID_Feed) REFERENCES Feed(ID)&quot;+&#10;&#9;&#9;&#9;&#9;&#9;&#9;&#9;&quot;);&quot;+&#10;&#10;&#9;&#9;&#9;&#9;&#9;&#9;&#9;&quot;CREATE TABLE if not exists Category(&quot;+&#10;&#9;&#9;&#9;&#9;&#9;&#9;&#9;&quot;&#9;ID INTEGER PRIMARY KEY AUTOINCREMENT NOT NULL ,&quot;+&#10;&#9;&#9;&#9;&#9;&quot;&#9;Name  TEXT )&quot;);&#10;&#9;}&#10;&#9;&#10;&#9;&#10;&#9;/**&#10;&#9; * Insï¿½re tout les objets du modï¿½le dans la base de donnï¿½es&#10;&#9; * @param listCategory Liste ï¿½ inserer dans la Base de donnï¿½es&#10;&#9; */&#10;&#9;public void insertObjetToDB(ArrayList&lt;Category&gt; listCategory)&#10;&#9;{&#10;&#10;&#9;&#9;for(int i=0;i&lt;listCategory.size();i++)&#10;&#9;&#9;{&#10;&#9;&#9;&#9;&#9;&#9;&#10;&#9;&#9;&#9;for(int j = 0; j &lt; listCategory.get(i).getListFeed().size(); j++)&#10;&#9;&#9;&#9;{&#10;&#9;&#9;&#9;&#9;&#10;&#9;&#9;&#9;&#9;&#10;&#9;&#9;&#9;&#9;for(int k = 0; k &lt; listCategory.get(i).getListFeed().get(j).getListNews().size(); k++)&#10;&#9;&#9;&#9;&#9;{&#10;&#9;&#9;&#9;&#9;&#9;&#10;&#9;&#9;&#9;&#9;&#9;insertNews(listCategory.get(i).getListFeed().get(j).getListNews().get(k), listCategory.get(i).getListFeed().get(j).getId());&#10;&#9;&#9;&#9;&#9;&#9;&#10;&#9;&#9;&#9;&#9;}&#10;&#9;&#9;&#9;&#9;insertFeed(listCategory.get(i).getListFeed().get(j), listCategory.get(i).getId());&#10;&#9;&#9;&#9;}&#10;&#9;&#9;&#9;&#10;&#9;&#9;&#9;insertCategory(listCategory.get(i));&#10;&#9;&#9;&#9;&#10;&#9;&#9;}&#10;&#9;&#9;&#9;&#10;&#9;&#9;&#9;&#10;&#9;}&#10;&#9;&#10;&#9;&#10;&#9;/**&#10;&#9; * Insï¿½re une catï¿½gorie dans la BDD&#10;&#9; * @param category Objet contenant la description de la catï¿½gorie ï¿½ insï¿½rer&#10;&#9; */&#10;&#9;&#10;&#9;public void insertCategory(Category category)&#10;&#9;{&#10;&#9;&#9;try {&#10;            PreparedStatement prstmt = db.connection.prepareStatement(&quot;INSERT INTO Category (Name) VALUES(?)&quot;);&#10;            prstmt.setString(1, category.getName());&#10;            prstmt.execute();&#10;        } catch (SQLException e) {&#10;            e.printStackTrace();&#10;        }&#10;&#9;}&#10;&#9;&#10;&#9;&#10;&#9;/**&#10;&#9; * Insï¿½re un flux dans la BDD&#10;&#9; * @param feed Objet contenant la description du flux ï¿½ insï¿½rer&#10;&#9; * @param ID_Category Identifiant de la catï¿½gorie correspondant au flux&#10;&#9; */&#10;&#9;public void insertFeed(Feed feed, int ID_Category)&#10;&#9;{&#10;&#9;&#9;try {&#10;            PreparedStatement prstmt = db.connection.prepareStatement(&quot;INSERT INTO Feed (Title, URL, ID_Category) VALUES(?, ?, ?)&quot;);&#10;            prstmt.setString(1, feed.getTitle());&#10;            prstmt.setString(2, feed.getUrl());&#10;            prstmt.setInt(3, ID_Category);&#10;            prstmt.execute();&#10;        } catch (SQLException e) {&#10;            e.printStackTrace();&#10;        }&#10;&#9;}&#10;&#9;&#10;&#9;&#10;&#9;/**&#10;&#9; * Insï¿½re une news dans la BDD&#10;&#9; * @param News Objet contenant la description de la news ï¿½ insï¿½rer&#10;&#9; * @param ID_Feed Identifiant du flux correspondant ï¿½ la news&#10;&#9; */&#10;&#9;public void insertNews(News news, int ID_Feed)&#10;&#9;{&#10;&#9;&#9;int read = 0;&#10;&#9;&#9;int favorite = 0;&#10;&#9;&#9;&#10;&#9;&#9;String date = &quot;&quot;;&#10;&#9;&#9;Calendar cal = news.getDate();&#10;&#9;&#9;date = dbUtil.ConvertCalendarToString(cal);&#10;&#9;&#9;&#10;&#9;&#9;if (news.isRead())&#10;&#9;&#9;&#9;read =1;&#10;&#9;&#9;if (news.isFavorite())&#10;&#9;&#9;&#9;favorite = 1;&#10;&#9;&#9;try {&#10;            PreparedStatement prstmt = db.connection.prepareStatement(&quot;INSERT INTO News (URL, Title, Author, Date_News, Contents, Read, Favorite, ID_Feed) VALUES(?, ?, ?, ?, ?, ?, ?, ?)&quot;);&#10;            prstmt.setString(1, news.getUrl());&#10;            prstmt.setString(2, news.getTitle());&#10;            prstmt.setString(3, news.getAuthor());&#10;            prstmt.setString(4, date); &#10;            prstmt.setString(5, news.getContents());&#10;            prstmt.setInt(6, read);&#10;            prstmt.setInt(7, favorite);&#10;            prstmt.setInt(8, ID_Feed);&#10;            prstmt.execute();&#10;        } catch (SQLException e) {&#10;            e.printStackTrace();&#10;        }&#10;&#9;}&#10;&#9;&#10;&#9;/**&#10;&#9; * Conversion de la BDD en Objet&#10;&#9; */&#10;&#10;    /**&#10;     * &#10;     * @return Une liste contenant toutes les catï¿½gories&#10;     */&#10;&#9;public ArrayList&lt;Category&gt; getAllCategories() throws SQLException {&#10;&#9;&#9;&#10;&#9;&#9;ArrayList&lt;Category&gt; listCategory = new ArrayList&lt;Category&gt;();&#10;&#9;&#9;Category category;&#10;&#10;&#9;&#9;ArrayList&lt;Feed&gt; listFeed = new ArrayList&lt;Feed&gt;();&#10;&#10;&#9;&#9;&#10;&#10;&#9;&#9;&#9;&#9;&#10;&#9;&#9;ResultSet resultat = db.getResultOf(&quot;SELECT * FROM Category;&quot;);&#10;&#9;&#9;try {&#10;&#9;&#9;&#9;while (resultat.next()) {&#10;&#9;&#9;&#9;&#9;&#10;&#10;&#9;&#9;&#9;&#9;category = new Category(resultat.getInt(&quot;ID&quot;), resultat.getString(&quot;Name&quot;));&#10;&#9;&#9;&#9;&#9;&#10;&#9;&#9;&#9;&#9;listFeed = getAllFeedFromCategory(category);&#10;&#10;&#9;&#9;&#9;&#9;category.setListFeed(listFeed);&#10;&#10;&#9;&#9;&#9;&#9;listCategory.add(category);&#10;&#9;&#9;&#9;}&#10;&#9;&#9;} catch (SQLException e) {&#10;&#9;&#9;&#9;// TODO Auto-generated catch block&#10;&#9;&#9;&#9;e.printStackTrace();&#10;&#9;&#9;}&#10;&#9;&#9;return listCategory;&#10;&#9;}&#10;&#9;&#10;&#10;&#9;/**&#10;&#9; * &#10;&#9; * @param category : Objet Category&#10;&#9; * @return une liste de Feed&#10;&#9; */&#10;&#9;private ArrayList&lt;Feed&gt; getAllFeedFromCategory(Category category) {&#10;&#9;&#9;&#10;&#9;&#9;ArrayList&lt;Feed&gt; list = new ArrayList&lt;Feed&gt;();&#10;&#9;&#9;ArrayList&lt;News&gt; listNews = new ArrayList&lt;News&gt;();&#10;&#9;&#9;&#10;&#9;&#9;Feed feed;&#10;&#9;&#9;&#10;&#9;&#9;try {&#10;&#9;&#9;&#9;PreparedStatement prstmt = db.connection.prepareStatement(&quot;SELECT * FROM Feed WHERE ID_Category=?&quot;);&#10;&#9;&#9;&#9;prstmt.setInt(1, category.getId());&#10;&#9;&#9;&#9;ResultSet result = prstmt.executeQuery();&#10;&#9;&#9;&#9;&#10;&#9;&#9;&#9;while (result.next()) {&#10;&#9;&#9;&#9;&#9;&#10;&#9;&#9;&#9;&#9;feed = new Feed(result.getInt(&quot;ID&quot;), result.getString(&quot;Title&quot;), result.getString(&quot;URL&quot;));&#10;&#9;&#9;&#9;&#9;listNews = getAllNewsFromFeed(feed);&#10;&#9;&#9;&#9;&#9;feed.setListNews(listNews);&#10;&#9;&#9;&#9;&#9;&#10;&#9;&#9;&#9;&#9;list.add(feed);&#10;&#9;&#9;&#9;}&#10;&#9;&#9;} catch (SQLException e) {&#10;&#9;&#9;&#9;// TODO Auto-generated catch block&#10;&#9;&#9;&#9;e.printStackTrace();&#10;&#9;&#9;}&#10;&#9;&#9;return list;&#10;&#9;&#9;&#10;&#9;}&#10;&#9;&#10;&#9;/**&#10;     * @param feed Objet Feed&#10;     * @return La liste de toutes les news correspondant ï¿½ un flux&#10;     */&#10;&#9;private ArrayList&lt;News&gt; getAllNewsFromFeed(Feed feed) throws SQLException {&#10;&#9;&#9;&#9;ArrayList&lt;News&gt; list = new ArrayList&lt;News&gt;();&#10;&#9;&#9;&#9;&#10;&#9;&#9;&#9;boolean read;&#10;&#9;&#9;&#9;boolean favorite;&#10;&#9;&#9;&#9;Calendar date;&#10;&#9;&#9;&#9;&#10;&#9;&#9;&#9;&#10;&#9;&#9;&#9;PreparedStatement prstmt = db.connection.prepareStatement(&quot;SELECT * FROM news WHERE URL=?&quot;);&#10;&#9;&#9;&#9;prstmt.setString(1, feed.getUrl());&#10;&#9;&#9;&#9;ResultSet resultat = prstmt.executeQuery();&#10;&#9;&#9;&#9;&#10;&#9;&#9;&#9;News news;&#10;&#9;&#9;&#9;while (resultat.next()) {&#10;&#9;&#9;&#9;&#9;&#10;&#9;&#9;&#9;&#9;read = (resultat.getInt(&quot;Read&quot;) == 1);&#10;&#9;&#9;&#9;&#9;favorite = (resultat.getInt(&quot;Favorite&quot;) == 1);&#10;&#9;&#9;&#9;&#9;date = this.getDbUtil().convertStringToCalendar(resultat.getString(&quot;Date_News&quot;));&#10;&#9;&#9;&#9;&#9;&#10;&#9;&#9;&#9;&#9;&#10;&#9;&#9;&#9;&#9;&#10;&#9;&#9;&#9;&#9;news = new News(resultat.getString(&quot;Title&quot;), resultat.getString(&quot;URL&quot;), resultat.getString(&quot;Author&quot;), date, resultat.getString(&quot;Contents&quot;), read, favorite);&#10;&#9;&#9;&#9;&#9;list.add(news);&#10;&#9;&#9;&#9;}&#10;&#9;&#9;&#9;return list;&#10;&#9;&#9;}&#10;&#10;&#9;/**&#10;     * &#10;     * @return Une liste contenant tout les flux&#10;     */&#10;&#9;/*public ArrayList&lt;Feed&gt; getAllFeeds() throws SQLException {&#10;&#9;&#9;&#10;&#9;&#9;int id;&#10;&#9;&#9;String title;&#10;&#9;&#9;String url;&#10;&#9;&#9;List&lt;News&gt; listNews = new ArrayList&lt;News&gt;();&#10;&#9;&#9;int ID_category;&#10;&#9;&#9;Category category;&#10;&#9;&#9;&#10;&#9;&#9;ResultSet resultat = db.getResultOf(&quot;SELECT * FROM feed;&quot;);&#10;&#9;&#9;ArrayList&lt;Feed&gt; listFeed = new ArrayList&lt;Feed&gt;();&#10;&#9;&#9;Feed feed;&#10;&#9;&#9;try {&#10;&#9;&#9;&#9;while (resultat.next()) {&#10;&#9;&#9;&#9;&#9;id = resultat.getInt(&quot;ID&quot;);&#10;&#9;&#9;&#9;&#9;title = resultat.getString(&quot;Title&quot;);&#10;&#9;&#9;&#9;&#9;url = resultat.getString(&quot;Url&quot;);&#10;&#9;&#9;&#9;&#9;feed = new Feed(id, title, url);&#10;&#9;&#9;&#9;&#9;&#10;&#9;&#9;&#9;&#9;listNews = this.getAllNewsFromFeed(feed);  &#10;&#9;&#9;&#9;&#9;feed.setListNews(listNews);&#10;&#9;&#9;&#9;&#9;&#10;&#9;&#9;&#9;&#9;ID_category = resultat.getInt(&quot;ID_Category&quot;);&#10;&#9;&#9;&#9;&#9;category = GetCategory(ID_category);&#10;&#9;&#9;&#9;&#9;feed.setCategory(category);&#10;&#9;&#9;&#9;&#9;listFeed.add(feed);&#10;&#9;&#9;&#9;}&#10;&#9;&#9;} catch (SQLException e) {&#10;&#9;&#9;&#9;// TODO Auto-generated catch block&#10;&#9;&#9;&#9;e.printStackTrace();&#10;&#9;&#9;}&#10;&#9;&#9;return listFeed;&#10;&#9;}*/&#10;&#9;&#10;&#10;&#9;&#10;&#9;/*&#10;&#9;&#10;&#9;public void deleteCategory(int id)&#10;&#9;{&#10;&#9;&#9;String requete = &quot;DELETE from Category where ID=&quot;+ id +&quot;&quot;;&#10;&#9;&#9;db.updateValue(requete);&#10;&#9;}&#10;&#9;&#10;&#9;public void deleteNews(int id)&#10;&#9;{&#10;&#9;&#9;String requete = &quot;DELETE from News where ID=&quot;+ id +&quot;&quot;;&#10;&#9;&#9;db.updateValue(requete);&#10;&#9;}&#10;&#9;&#10;&#9;public void deleteFeed(int id)&#10;&#9;{&#10;&#9;&#9;String requete = &quot;DELETE from Feed where ID=&quot;+ id +&quot;&quot;;&#10;&#9;&#9;db.updateValue(requete);&#10;&#9;}&#10;&#9;&#10;&#9;*/&#10;&#9;public void returnCategory()&#10;&#9;{&#10;&#9;&#9;&#10;&#9;&#9;String requete = &quot;SELECT * FROM Category;&quot;;&#10;&#9;&#9; ResultSet rs = db.getResultOf(requete);&#10;&#9;      try {&#10;&#9;&#9;&#9;while ( rs.next() ) {&#10;&#9;&#9;&#9;     int id = rs.getInt(&quot;ID&quot;);&#10;&#9;&#9;&#9;     String  nom = rs.getString(&quot;Name&quot;);&#10;&#9;&#9;&#9;     System.out.println( &quot;ID = &quot; + id );&#10;&#9;&#9;&#9;     System.out.println( &quot;Nom = &quot; + nom );&#10;&#9;&#9;&#9;     System.out.println();&#10;&#9;&#9;&#9;  }&#10;&#9;&#9;} catch (SQLException e) {&#10;&#9;&#9;&#9;// TODO Auto-generated catch block&#10;&#9;&#9;&#9;e.printStackTrace();&#10;&#9;&#9;}&#10;&#9;}&#10;&#9;&#10;&#9;/**&#10;&#9; * Supprime les donnees de la Bdd&#10;&#9; * @author Vincent Chataignier&#10;&#9; */&#10;&#9;public void clearDB()&#10;&#9;{&#10;&#9;&#9;String requete = &quot;DELETE FROM News;&quot;;&#10;&#9;&#9;db.updateValue(requete);&#10;&#9;&#9;requete = &quot;DELETE FROM Feed;&quot;;&#10;&#9;&#9;db.updateValue(requete);&#10;&#9;&#9;requete = &quot;DELETE FROM Category;&quot;;&#10;&#9;&#9;db.updateValue(requete);&#10;&#9;}&#10;&#9;&#10;&#9;/*// RÃ©cupÃ¨re toutes les news d'un feed&#10;&#9;public ArrayList&lt;Feed&gt; getAllFeeds() throws SQLException {&#10;&#9;&#9;ResultSet resultat = db.getResultOf(&quot;SELECT * FROM feed;&quot;);&#10;&#9;&#9;ArrayList&lt;Feed&gt; list = new ArrayList&lt;Feed&gt;();&#10;&#9;&#9;Feed feed;&#10;&#9;&#9;while (resultat.next()) {&#10;&#9;&#9;&#9;feed = new Feed(resultat.getString(2), resultat.getString(3), resultat.getInt(1));&#10;&#9;&#9;&#9;list.add(feed);&#10;&#9;&#9;}&#10;&#9;&#9;return list;&#10;&#9;}&#10;&#9;&#10;&#9;// Envoie la news X du feed Y&#10;&#9;public void addNewsFromFeed(News news, Feed feed){&#10;&#9;&#9;try {&#10;&#9;&#9;&#9;if(news.getId()==-1){&#10;&#9;&#9;&#9;&#9;PreparedStatement prstmt = db.connection.prepareStatement(&quot;INSERT INTO news VALUES( null, ?, ?, ?, ?, ?, ?, ?, ? )&quot;);&#10;&#9;&#9;&#9;&#9;prstmt.setString(1, news.getTitle());&#10;&#9;&#9;&#9;&#9;prstmt.setString(2, news.getUrl());&#10;&#9;&#9;&#9;&#9;prstmt.setString(3, news.getAuthor());&#10;&#9;&#9;&#9;&#9;prstmt.setString(4, news.getDate().toString());&#10;&#9;&#9;&#9;&#9;prstmt.setString(5, news.getContent());&#10;&#9;&#9;&#9;&#9;prstmt.setInt(6, feed.getId());&#10;&#9;&#9;&#9;&#9;prstmt.setInt(7, news.isRead() ? 1 : 0);&#10;&#9;&#9;&#9;&#9;prstmt.setInt(8, news.isStarred() ? 1 : 0);&#10;&#9;&#9;&#9;&#9;prstmt.execute();&#10;&#9;&#9;&#9;}&#10;&#9;&#9;&#9;else {&#10;&#9;&#9;&#9;&#9;PreparedStatement prstmt = db.connection.prepareStatement(&quot;UPDATE news SET title=? , url=? , author=? , date=? , content=? , feed=? , read=? , starred=? WHERE id=?&quot;);&#10;&#9;&#9;&#9;&#9;prstmt.setString(1, news.getTitle());&#10;&#9;&#9;&#9;&#9;prstmt.setString(2, news.getUrl());&#10;&#9;&#9;&#9;&#9;prstmt.setString(3, news.getAuthor());&#10;&#9;&#9;&#9;&#9;prstmt.setString(4, news.getDate().toString());&#10;&#9;&#9;&#9;&#9;prstmt.setString(5, news.getContent());&#10;&#9;&#9;&#9;&#9;prstmt.setInt(6, feed.getId());&#10;&#9;&#9;&#9;&#9;prstmt.setInt(7, news.isRead() ? 1 : 0);&#10;&#9;&#9;&#9;&#9;prstmt.setInt(8, news.isStarred() ? 1 : 0);&#10;&#9;&#9;&#9;&#9;prstmt.setInt(9, news.getId());&#10;&#9;&#9;&#9;&#9;prstmt.execute();&#10;&#9;&#9;&#9;}&#10;&#9;&#9;&#9;&#10;&#9;&#9;&#9;&#10;&#9;&#9;} catch (SQLException e) {&#10;&#9;&#9;&#9;e.printStackTrace();&#10;&#9;&#9;}&#10;&#9;}&#10;&#9;&#10;&#9;// Envoie un feed&#10;&#9;public void addFeed(Feed feed){&#10;&#9;&#9;try {&#10;&#9;&#9;&#9;PreparedStatement prstmt = db.connection.prepareStatement(&quot;INSERT INTO feed VALUES(null, ?, ? )&quot;);&#10;&#9;&#9;&#9;prstmt.setString(1, feed.getTitle());&#10;&#9;&#9;&#9;prstmt.setString(2, feed.getUrl());&#10;&#9;&#9;&#9;prstmt.execute();&#10;&#9;&#9;} catch (SQLException e) {&#10;&#9;&#9;&#9;e.printStackTrace();&#10;&#9;&#9;}&#10;&#9;}*/&#10;&#9;&#10;&#9;public void connect() {&#10;&#9;&#9;db.connect();&#10;&#9;}&#10;&#9;&#10;&#9;public void disconnect() {&#10;&#9;&#9;db.disconnect();&#10;&#9;}&#10;&#10;&#9;public void emptyNews() {&#10;&#9;&#9;db.updateValue(&quot;DELETE FROM news;&quot;);&#9;&#9;&#10;&#9;}&#10;&#10;&#9;public Database getDb() {&#10;&#9;&#9;return db;&#10;&#9;}&#10;&#9;public DatabaseUtil getDbUtil() {&#10;&#9;&#9;return this.dbUtil;&#10;&#9;}&#10;&#9;&#10;&#9;&#10;}&#10;" Filename="DatabaseManager.java" Intrnl_Id="2"/>
<SrcFile Content="package ca.usherbrooke.ift232.actuRSS.bdd;&#10;&#10; &#10;import java.sql.Connection;&#10;import java.sql.DriverManager;&#10;import java.sql.ResultSet;&#10;import java.sql.SQLException;&#10;import java.sql.Statement;&#10; &#10;/**&#10; * Cette classe fait l'interface avec la base de donnÃ©es.&#10; * @author Leucistic&#10; *&#10; */&#10;public class Database {&#10;&#9;&#10;    private String      dbName;&#10;    public  Connection  connection;&#10;    private Statement   requete;&#10;     &#10;    /**&#10;     * Constructeur de la classe Database&#10;     * @param dbName Le nom de la base de donnÃ©es&#10;     */&#10;    public Database(String dbName)&#10;    {&#10;        // Charge le driver sqlite JDBC en utilisant le class loader actuel&#10;        try&#10;        {&#10;            Class.forName(&quot;org.sqlite.JDBC&quot;);&#10;        }&#10;        catch (ClassNotFoundException e1)&#10;        {&#10;            System.err.println(e1.getMessage());&#10;        }&#10; &#10;        this.dbName     = dbName;&#10;        this.connection = null;&#10;    }&#10;     &#10;    /**&#10;     * Ouvre la base de donnÃ©es spÃ©cifiÃ©e&#10;     * @return True si la connection Ã  Ã©tÃ© rÃ©ussie. False sinon.&#10;     */&#10;    public boolean connect()&#10;    {&#10;        try&#10;        {&#10;            // Etabli la connection&#10;            connection = DriverManager.getConnection(&quot;jdbc:sqlite:&quot;+this.dbName);&#10;            // DÃ©clare l'objet qui permet de faire les requÃªtes&#10;            requete = connection.createStatement();&#10;             &#10;            // Le PRAGMA synchronous de SQLite permet de vÃ©rifier chaque Ã©criture&#10;            // avant d'en faire une nouvelle.&#10;            // Le PRAGMA count_changes de SQLite permet de compter le nombre de&#10;            // changements fait sur la base&#10;            // RÃ©sultats de mes tests :&#10;            // synchronous OFF, une insertion est 20 fois plus rapide.&#10;            // La diffÃ©rences avec le count_changes est de l'ordre de la Âµs.&#10;            // Les autres PRAGMA : http://www.sqlite.org/pragma.html&#10;             &#10;            requete.executeUpdate(&quot;PRAGMA synchronous = OFF;&quot;);&#10;            requete.setQueryTimeout(30);&#10;             &#10;            return true;&#10;        }&#10;        catch(SQLException e)&#10;        {&#10;            // message = &quot;out of memory&quot; souvent le resultat de la BDD pas trouvÃ©e&#10;            e.printStackTrace();&#10;            return false;&#10;        }&#10;    }&#10;     &#10;    /**&#10;     * Ferme la connection Ã  la base de donnÃ©es&#10;     * @return True si la connection a bien Ã©tÃ© fermÃ©e. False sinon.&#10;     */&#10;    public boolean disconnect ()&#10;    {&#10;        try&#10;        {&#10;            if(connection != null)&#10;                connection.close();&#10;             &#10;            return true;&#10;        }&#10;        catch(SQLException e)&#10;        {&#10;            e.printStackTrace();&#10;            return false;&#10;        }&#10;    }&#10;     &#10;    /**&#10;     * Permet de faire une requÃªte SQL&#10;     * @param requete La requÃªte SQL (avec un &quot;;&quot; Ã  la fin)&#10;     * @return Un ResultSet contenant le rÃ©sultat de la requÃªte&#10;     */&#10;    public ResultSet getResultOf (String requete)&#10;    {&#10;        try&#10;        {&#10;            return this.requete.executeQuery(requete);&#10;        }&#10;        catch (SQLException e)&#10;        {&#10;            e.printStackTrace();&#10;        }&#10;         &#10;        return null;&#10;    }&#10; &#10;    /**&#10;     * Permet de modifier une entrÃ©e de la base de donnÃ©es.&lt;/br&gt;&#10;     * @param requete La requete SQL de modification&#10;     */&#10;    public void updateValue (String requete)&#10;    {&#10;        try&#10;        {&#10;            this.requete.executeUpdate(requete);&#10;        }&#10;        catch (SQLException e)&#10;        {&#10;            e.printStackTrace();&#10;        }&#10;    }&#10;}" Filename="Database.java" Intrnl_Id="3"/>
</SrcFileList>
<CritList>
<CritListEntry Name="org.codecover.model.utils.criteria.LoopCoverage" PluginName="org.codecover"/>
<CritListEntry Name="org.codecover.model.utils.criteria.BranchCoverage" PluginName="org.codecover"/>
<CritListEntry Name="org.codecover.model.utils.criteria.ConditionCoverage" PluginName="org.codecover"/>
<CritListEntry Name="org.codecover.model.utils.criteria.SynchronizedStatementCoverage" PluginName="org.codecover"/>
<CritListEntry Name="org.codecover.model.utils.criteria.QMOCoverage" PluginName="org.codecover"/>
<CritListEntry Name="org.codecover.model.utils.criteria.StatementCoverage" PluginName="org.codecover"/>
</CritList>
<BoolOpList/>
<HierarchyLvlTypeList>
<HierarchyLvlType EnglishName="package" IntrnlName="package" Intrnl_Id="4"/>
<HierarchyLvlType EnglishName="class" IntrnlName="class" Intrnl_Id="5"/>
<HierarchyLvlType EnglishName="method" IntrnlName="method" Intrnl_Id="6"/>
<HierarchyLvlType EnglishName="default package" IntrnlName="default package" Intrnl_Id="7"/>
</HierarchyLvlTypeList>
<MASTRoot>
<HierarchyLvl HierarchyLvlId="638" HierarchyLvlTypeId="7" Intrnl_Id="8" Name="default package">
<Header/>
<LocList/>
<HierarchyLvl HierarchyLvlId="637" HierarchyLvlTypeId="4" Intrnl_Id="9" Name="ca">
<Header/>
<LocList/>
<HierarchyLvl HierarchyLvlId="636" HierarchyLvlTypeId="4" Intrnl_Id="10" Name="usherbrooke">
<Header/>
<LocList/>
<HierarchyLvl HierarchyLvlId="635" HierarchyLvlTypeId="4" Intrnl_Id="11" Name="ift232">
<Header/>
<LocList/>
<HierarchyLvl HierarchyLvlId="634" HierarchyLvlTypeId="4" Intrnl_Id="12" Name="actuRSS">
<Header/>
<LocList/>
<HierarchyLvl HierarchyLvlId="633" HierarchyLvlTypeId="4" Intrnl_Id="13" Name="bdd">
<Header/>
<LocList/>
<HierarchyLvl HierarchyLvlId="608" HierarchyLvlTypeId="5" Intrnl_Id="14" Name="DatabaseUtil">
<Header>
<Loc EndOffset="101" SrcFileId="1" StartOffset="76"/>
</Header>
<LocList>
<Loc EndOffset="1731" SrcFileId="1" StartOffset="76"/>
</LocList>
<HierarchyLvl HierarchyLvlId="605" HierarchyLvlTypeId="6" Intrnl_Id="15" Name="ConvertCalendarToString">
<Header>
<Loc EndOffset="160" SrcFileId="1" StartOffset="108"/>
</Header>
<LocList>
<Loc EndOffset="959" SrcFileId="1" StartOffset="108"/>
</LocList>
<StmntSeq Intrnl_Id="16">
<LocList>
<Loc EndOffset="217" SrcFileId="1" StartOffset="170"/>
<Loc EndOffset="333" SrcFileId="1" StartOffset="288"/>
<Loc EndOffset="366" SrcFileId="1" StartOffset="341"/>
<Loc EndOffset="438" SrcFileId="1" StartOffset="372"/>
<Loc EndOffset="475" SrcFileId="1" StartOffset="450"/>
<Loc EndOffset="548" SrcFileId="1" StartOffset="483"/>
<Loc EndOffset="581" SrcFileId="1" StartOffset="556"/>
<Loc EndOffset="718" SrcFileId="1" StartOffset="646"/>
<Loc EndOffset="747" SrcFileId="1" StartOffset="722"/>
<Loc EndOffset="818" SrcFileId="1" StartOffset="751"/>
<Loc EndOffset="847" SrcFileId="1" StartOffset="822"/>
<Loc EndOffset="918" SrcFileId="1" StartOffset="851"/>
<Loc EndOffset="955" SrcFileId="1" StartOffset="924"/>
</LocList>
<BasicStmnt CovItemId="S1" CovItemPrefix="ca.usherbrooke.ift232.actuRSS.bdd.DatabaseUtil.java" Intrnl_Id="17">
<LocList>
<Loc EndOffset="217" SrcFileId="1" StartOffset="170"/>
</LocList>
</BasicStmnt>
<BasicStmnt CovItemId="S2" CovItemPrefix="ca.usherbrooke.ift232.actuRSS.bdd.DatabaseUtil.java" Intrnl_Id="18">
<LocList>
<Loc EndOffset="333" SrcFileId="1" StartOffset="288"/>
</LocList>
</BasicStmnt>
<BasicStmnt CovItemId="S3" CovItemPrefix="ca.usherbrooke.ift232.actuRSS.bdd.DatabaseUtil.java" Intrnl_Id="19">
<LocList>
<Loc EndOffset="366" SrcFileId="1" StartOffset="341"/>
</LocList>
</BasicStmnt>
<BasicStmnt CovItemId="S4" CovItemPrefix="ca.usherbrooke.ift232.actuRSS.bdd.DatabaseUtil.java" Intrnl_Id="20">
<LocList>
<Loc EndOffset="438" SrcFileId="1" StartOffset="372"/>
</LocList>
</BasicStmnt>
<BasicStmnt CovItemId="S5" CovItemPrefix="ca.usherbrooke.ift232.actuRSS.bdd.DatabaseUtil.java" Intrnl_Id="21">
<LocList>
<Loc EndOffset="475" SrcFileId="1" StartOffset="450"/>
</LocList>
</BasicStmnt>
<BasicStmnt CovItemId="S6" CovItemPrefix="ca.usherbrooke.ift232.actuRSS.bdd.DatabaseUtil.java" Intrnl_Id="22">
<LocList>
<Loc EndOffset="548" SrcFileId="1" StartOffset="483"/>
</LocList>
</BasicStmnt>
<BasicStmnt CovItemId="S7" CovItemPrefix="ca.usherbrooke.ift232.actuRSS.bdd.DatabaseUtil.java" Intrnl_Id="23">
<LocList>
<Loc EndOffset="581" SrcFileId="1" StartOffset="556"/>
</LocList>
</BasicStmnt>
<BasicStmnt CovItemId="S8" CovItemPrefix="ca.usherbrooke.ift232.actuRSS.bdd.DatabaseUtil.java" Intrnl_Id="24">
<LocList>
<Loc EndOffset="718" SrcFileId="1" StartOffset="646"/>
</LocList>
</BasicStmnt>
<BasicStmnt CovItemId="S9" CovItemPrefix="ca.usherbrooke.ift232.actuRSS.bdd.DatabaseUtil.java" Intrnl_Id="25">
<LocList>
<Loc EndOffset="747" SrcFileId="1" StartOffset="722"/>
</LocList>
</BasicStmnt>
<BasicStmnt CovItemId="S10" CovItemPrefix="ca.usherbrooke.ift232.actuRSS.bdd.DatabaseUtil.java" Intrnl_Id="26">
<LocList>
<Loc EndOffset="818" SrcFileId="1" StartOffset="751"/>
</LocList>
</BasicStmnt>
<BasicStmnt CovItemId="S11" CovItemPrefix="ca.usherbrooke.ift232.actuRSS.bdd.DatabaseUtil.java" Intrnl_Id="27">
<LocList>
<Loc EndOffset="847" SrcFileId="1" StartOffset="822"/>
</LocList>
</BasicStmnt>
<BasicStmnt CovItemId="S12" CovItemPrefix="ca.usherbrooke.ift232.actuRSS.bdd.DatabaseUtil.java" Intrnl_Id="28">
<LocList>
<Loc EndOffset="918" SrcFileId="1" StartOffset="851"/>
</LocList>
</BasicStmnt>
<BasicStmnt CovItemId="S13" CovItemPrefix="ca.usherbrooke.ift232.actuRSS.bdd.DatabaseUtil.java" Intrnl_Id="29">
<LocList>
<Loc EndOffset="955" SrcFileId="1" StartOffset="924"/>
</LocList>
</BasicStmnt>
</StmntSeq>
</HierarchyLvl>
<HierarchyLvl HierarchyLvlId="606" HierarchyLvlTypeId="6" Intrnl_Id="30" Name="GetNormalForm">
<Header>
<Loc EndOffset="1004" SrcFileId="1" StartOffset="965"/>
</Header>
<LocList>
<Loc EndOffset="1152" SrcFileId="1" StartOffset="965"/>
</LocList>
<StmntSeq Intrnl_Id="31">
<LocList>
<Loc EndOffset="1033" SrcFileId="1" StartOffset="1010"/>
<Loc EndOffset="1128" SrcFileId="1" StartOffset="1037"/>
<Loc EndOffset="1148" SrcFileId="1" StartOffset="1132"/>
</LocList>
<BasicStmnt CovItemId="S14" CovItemPrefix="ca.usherbrooke.ift232.actuRSS.bdd.DatabaseUtil.java" Intrnl_Id="32">
<LocList>
<Loc EndOffset="1033" SrcFileId="1" StartOffset="1010"/>
</LocList>
</BasicStmnt>
<CondStmnt CovItemId="S15" CovItemPrefix="ca.usherbrooke.ift232.actuRSS.bdd.DatabaseUtil.java" Intrnl_Id="33">
<Branch CovItemId="B1" CovItemPrefix="ca.usherbrooke.ift232.actuRSS.bdd.DatabaseUtil.java" Implct="false" Intrnl_Id="34">
<Cond/>
<LocList>
<Loc EndOffset="1086" SrcFileId="1" StartOffset="1052"/>
</LocList>
<StmntSeq Intrnl_Id="35">
<LocList>
<Loc EndOffset="1081" SrcFileId="1" StartOffset="1058"/>
</LocList>
<BasicStmnt CovItemId="S16" CovItemPrefix="ca.usherbrooke.ift232.actuRSS.bdd.DatabaseUtil.java" Intrnl_Id="36">
<LocList>
<Loc EndOffset="1081" SrcFileId="1" StartOffset="1058"/>
</LocList>
</BasicStmnt>
</StmntSeq>
</Branch>
<Branch CovItemId="B2" CovItemPrefix="ca.usherbrooke.ift232.actuRSS.bdd.DatabaseUtil.java" Implct="false" Intrnl_Id="37">
<Cond>
<Loc EndOffset="1094" SrcFileId="1" StartOffset="1090"/>
</Cond>
<LocList>
<Loc EndOffset="1128" SrcFileId="1" StartOffset="1095"/>
</LocList>
<StmntSeq Intrnl_Id="38">
<LocList>
<Loc EndOffset="1123" SrcFileId="1" StartOffset="1101"/>
</LocList>
<BasicStmnt CovItemId="S17" CovItemPrefix="ca.usherbrooke.ift232.actuRSS.bdd.DatabaseUtil.java" Intrnl_Id="39">
<LocList>
<Loc EndOffset="1123" SrcFileId="1" StartOffset="1101"/>
</LocList>
</BasicStmnt>
</StmntSeq>
</Branch>
<Keyword EndOffset="1039" SrcFileId="1" StartOffset="1037"/>
<LocList>
<Loc EndOffset="1128" SrcFileId="1" StartOffset="1037"/>
</LocList>
<RootTerm CovItemId="C1" CovItemPrefix="ca.usherbrooke.ift232.actuRSS.bdd.DatabaseUtil.java" Intrnl_Id="40">
<BasicBoolTerm Intrnl_Id="41">
<LocList>
<Loc EndOffset="1050" SrcFileId="1" StartOffset="1040"/>
</LocList>
</BasicBoolTerm>
</RootTerm>
</CondStmnt>
<BasicStmnt CovItemId="S18" CovItemPrefix="ca.usherbrooke.ift232.actuRSS.bdd.DatabaseUtil.java" Intrnl_Id="42">
<LocList>
<Loc EndOffset="1148" SrcFileId="1" StartOffset="1132"/>
</LocList>
</BasicStmnt>
</StmntSeq>
</HierarchyLvl>
<HierarchyLvl HierarchyLvlId="607" HierarchyLvlTypeId="6" Intrnl_Id="43" Name="convertStringToCalendar">
<Header>
<Loc EndOffset="1209" SrcFileId="1" StartOffset="1157"/>
</Header>
<LocList>
<Loc EndOffset="1728" SrcFileId="1" StartOffset="1157"/>
</LocList>
<StmntSeq Intrnl_Id="44">
<LocList>
<Loc EndOffset="1289" SrcFileId="1" StartOffset="1246"/>
<Loc EndOffset="1347" SrcFileId="1" StartOffset="1297"/>
<Loc EndOffset="1402" SrcFileId="1" StartOffset="1351"/>
<Loc EndOffset="1456" SrcFileId="1" StartOffset="1406"/>
<Loc EndOffset="1517" SrcFileId="1" StartOffset="1460"/>
<Loc EndOffset="1575" SrcFileId="1" StartOffset="1521"/>
<Loc EndOffset="1633" SrcFileId="1" StartOffset="1579"/>
<Loc EndOffset="1700" SrcFileId="1" StartOffset="1642"/>
<Loc EndOffset="1724" SrcFileId="1" StartOffset="1708"/>
</LocList>
<BasicStmnt CovItemId="S19" CovItemPrefix="ca.usherbrooke.ift232.actuRSS.bdd.DatabaseUtil.java" Intrnl_Id="45">
<LocList>
<Loc EndOffset="1289" SrcFileId="1" StartOffset="1246"/>
</LocList>
</BasicStmnt>
<BasicStmnt CovItemId="S20" CovItemPrefix="ca.usherbrooke.ift232.actuRSS.bdd.DatabaseUtil.java" Intrnl_Id="46">
<LocList>
<Loc EndOffset="1347" SrcFileId="1" StartOffset="1297"/>
</LocList>
</BasicStmnt>
<BasicStmnt CovItemId="S21" CovItemPrefix="ca.usherbrooke.ift232.actuRSS.bdd.DatabaseUtil.java" Intrnl_Id="47">
<LocList>
<Loc EndOffset="1402" SrcFileId="1" StartOffset="1351"/>
</LocList>
</BasicStmnt>
<BasicStmnt CovItemId="S22" CovItemPrefix="ca.usherbrooke.ift232.actuRSS.bdd.DatabaseUtil.java" Intrnl_Id="48">
<LocList>
<Loc EndOffset="1456" SrcFileId="1" StartOffset="1406"/>
</LocList>
</BasicStmnt>
<BasicStmnt CovItemId="S23" CovItemPrefix="ca.usherbrooke.ift232.actuRSS.bdd.DatabaseUtil.java" Intrnl_Id="49">
<LocList>
<Loc EndOffset="1517" SrcFileId="1" StartOffset="1460"/>
</LocList>
</BasicStmnt>
<BasicStmnt CovItemId="S24" CovItemPrefix="ca.usherbrooke.ift232.actuRSS.bdd.DatabaseUtil.java" Intrnl_Id="50">
<LocList>
<Loc EndOffset="1575" SrcFileId="1" StartOffset="1521"/>
</LocList>
</BasicStmnt>
<BasicStmnt CovItemId="S25" CovItemPrefix="ca.usherbrooke.ift232.actuRSS.bdd.DatabaseUtil.java" Intrnl_Id="51">
<LocList>
<Loc EndOffset="1633" SrcFileId="1" StartOffset="1579"/>
</LocList>
</BasicStmnt>
<BasicStmnt CovItemId="S26" CovItemPrefix="ca.usherbrooke.ift232.actuRSS.bdd.DatabaseUtil.java" Intrnl_Id="52">
<LocList>
<Loc EndOffset="1700" SrcFileId="1" StartOffset="1642"/>
</LocList>
</BasicStmnt>
<BasicStmnt CovItemId="S27" CovItemPrefix="ca.usherbrooke.ift232.actuRSS.bdd.DatabaseUtil.java" Intrnl_Id="53">
<LocList>
<Loc EndOffset="1724" SrcFileId="1" StartOffset="1708"/>
</LocList>
</BasicStmnt>
</StmntSeq>
</HierarchyLvl>
</HierarchyLvl>
<HierarchyLvl HierarchyLvlId="626" HierarchyLvlTypeId="5" Intrnl_Id="54" Name="DatabaseManager">
<Header>
<Loc EndOffset="329" SrcFileId="2" StartOffset="301"/>
</Header>
<LocList>
<Loc EndOffset="11555" SrcFileId="2" StartOffset="301"/>
</LocList>
<HierarchyLvl HierarchyLvlId="609" HierarchyLvlTypeId="6" Intrnl_Id="55" Name="DatabaseManager">
<Header>
<Loc EndOffset="516" SrcFileId="2" StartOffset="481"/>
</Header>
<LocList>
<Loc EndOffset="550" SrcFileId="2" StartOffset="481"/>
</LocList>
<StmntSeq Intrnl_Id="56">
<LocList>
<Loc EndOffset="534" SrcFileId="2" StartOffset="521"/>
<Loc EndOffset="547" SrcFileId="2" StartOffset="537"/>
</LocList>
<BasicStmnt CovItemId="S1" CovItemPrefix="ca.usherbrooke.ift232.actuRSS.bdd.DatabaseManager.java" Intrnl_Id="57">
<LocList>
<Loc EndOffset="534" SrcFileId="2" StartOffset="521"/>
</LocList>
</BasicStmnt>
<BasicStmnt CovItemId="S2" CovItemPrefix="ca.usherbrooke.ift232.actuRSS.bdd.DatabaseManager.java" Intrnl_Id="58">
<LocList>
<Loc EndOffset="547" SrcFileId="2" StartOffset="537"/>
</LocList>
</BasicStmnt>
</StmntSeq>
</HierarchyLvl>
<HierarchyLvl HierarchyLvlId="610" HierarchyLvlTypeId="6" Intrnl_Id="59" Name="deleteDB">
<Header>
<Loc EndOffset="642" SrcFileId="2" StartOffset="620"/>
</Header>
<LocList>
<Loc EndOffset="798" SrcFileId="2" StartOffset="620"/>
</LocList>
<StmntSeq Intrnl_Id="60">
<LocList>
<Loc EndOffset="694" SrcFileId="2" StartOffset="650"/>
<Loc EndOffset="741" SrcFileId="2" StartOffset="697"/>
<Loc EndOffset="792" SrcFileId="2" StartOffset="744"/>
</LocList>
<BasicStmnt CovItemId="S3" CovItemPrefix="ca.usherbrooke.ift232.actuRSS.bdd.DatabaseManager.java" Intrnl_Id="61">
<LocList>
<Loc EndOffset="694" SrcFileId="2" StartOffset="650"/>
</LocList>
</BasicStmnt>
<BasicStmnt CovItemId="S4" CovItemPrefix="ca.usherbrooke.ift232.actuRSS.bdd.DatabaseManager.java" Intrnl_Id="62">
<LocList>
<Loc EndOffset="741" SrcFileId="2" StartOffset="697"/>
</LocList>
</BasicStmnt>
<BasicStmnt CovItemId="S5" CovItemPrefix="ca.usherbrooke.ift232.actuRSS.bdd.DatabaseManager.java" Intrnl_Id="63">
<LocList>
<Loc EndOffset="792" SrcFileId="2" StartOffset="744"/>
</LocList>
</BasicStmnt>
</StmntSeq>
</HierarchyLvl>
<HierarchyLvl HierarchyLvlId="611" HierarchyLvlTypeId="6" Intrnl_Id="64" Name="createDB">
<Header>
<Loc EndOffset="883" SrcFileId="2" StartOffset="861"/>
</Header>
<LocList>
<Loc EndOffset="1654" SrcFileId="2" StartOffset="861"/>
</LocList>
<StmntSeq Intrnl_Id="65">
<LocList>
<Loc EndOffset="1651" SrcFileId="2" StartOffset="889"/>
</LocList>
<BasicStmnt CovItemId="S6" CovItemPrefix="ca.usherbrooke.ift232.actuRSS.bdd.DatabaseManager.java" Intrnl_Id="66">
<LocList>
<Loc EndOffset="1651" SrcFileId="2" StartOffset="889"/>
</LocList>
</BasicStmnt>
</StmntSeq>
</HierarchyLvl>
<HierarchyLvl HierarchyLvlId="612" HierarchyLvlTypeId="6" Intrnl_Id="67" Name="insertObjetToDB">
<Header>
<Loc EndOffset="1866" SrcFileId="2" StartOffset="1805"/>
</Header>
<LocList>
<Loc EndOffset="2405" SrcFileId="2" StartOffset="1805"/>
</LocList>
<StmntSeq Intrnl_Id="68">
<LocList>
<Loc EndOffset="2394" SrcFileId="2" StartOffset="1873"/>
</LocList>
<LoopStmnt CovItemId="S7" CovItemPrefix="ca.usherbrooke.ift232.actuRSS.bdd.DatabaseManager.java" Intrnl_Id="69" MltplExecId="L1-2" MltplExecPrefix="ca.usherbrooke.ift232.actuRSS.bdd.DatabaseManager.java" NvrExecId="L1-0" NvrExecPrefix="ca.usherbrooke.ift232.actuRSS.bdd.DatabaseManager.java" OnceExecutedId="L1-1" OnceExecutedPrefix="ca.usherbrooke.ift232.actuRSS.bdd.DatabaseManager.java" OptBodyExec="true">
<StmntSeq Intrnl_Id="70">
<LocList>
<Loc EndOffset="2342" SrcFileId="2" StartOffset="1925"/>
<Loc EndOffset="2386" SrcFileId="2" StartOffset="2350"/>
</LocList>
<LoopStmnt CovItemId="S8" CovItemPrefix="ca.usherbrooke.ift232.actuRSS.bdd.DatabaseManager.java" Intrnl_Id="71" MltplExecId="L2-2" MltplExecPrefix="ca.usherbrooke.ift232.actuRSS.bdd.DatabaseManager.java" NvrExecId="L2-0" NvrExecPrefix="ca.usherbrooke.ift232.actuRSS.bdd.DatabaseManager.java" OnceExecutedId="L2-1" OnceExecutedPrefix="ca.usherbrooke.ift232.actuRSS.bdd.DatabaseManager.java" OptBodyExec="true">
<StmntSeq Intrnl_Id="72">
<LocList>
<Loc EndOffset="2250" SrcFileId="2" StartOffset="2010"/>
<Loc EndOffset="2337" SrcFileId="2" StartOffset="2255"/>
</LocList>
<LoopStmnt CovItemId="S9" CovItemPrefix="ca.usherbrooke.ift232.actuRSS.bdd.DatabaseManager.java" Intrnl_Id="73" MltplExecId="L3-2" MltplExecPrefix="ca.usherbrooke.ift232.actuRSS.bdd.DatabaseManager.java" NvrExecId="L3-0" NvrExecPrefix="ca.usherbrooke.ift232.actuRSS.bdd.DatabaseManager.java" OnceExecutedId="L3-1" OnceExecutedPrefix="ca.usherbrooke.ift232.actuRSS.bdd.DatabaseManager.java" OptBodyExec="true">
<StmntSeq Intrnl_Id="74">
<LocList>
<Loc EndOffset="2238" SrcFileId="2" StartOffset="2114"/>
</LocList>
<BasicStmnt CovItemId="S10" CovItemPrefix="ca.usherbrooke.ift232.actuRSS.bdd.DatabaseManager.java" Intrnl_Id="75">
<LocList>
<Loc EndOffset="2238" SrcFileId="2" StartOffset="2114"/>
</LocList>
</BasicStmnt>
</StmntSeq>
<Keyword EndOffset="2013" SrcFileId="2" StartOffset="2010"/>
<LocList>
<Loc EndOffset="2250" SrcFileId="2" StartOffset="2010"/>
</LocList>
<RootTerm CovItemId="C3" CovItemPrefix="ca.usherbrooke.ift232.actuRSS.bdd.DatabaseManager.java" Intrnl_Id="76">
<BasicBoolTerm Intrnl_Id="77">
<LocList>
<Loc EndOffset="2090" SrcFileId="2" StartOffset="2025"/>
</LocList>
</BasicBoolTerm>
</RootTerm>
</LoopStmnt>
<BasicStmnt CovItemId="S11" CovItemPrefix="ca.usherbrooke.ift232.actuRSS.bdd.DatabaseManager.java" Intrnl_Id="78">
<LocList>
<Loc EndOffset="2337" SrcFileId="2" StartOffset="2255"/>
</LocList>
</BasicStmnt>
</StmntSeq>
<Keyword EndOffset="1928" SrcFileId="2" StartOffset="1925"/>
<LocList>
<Loc EndOffset="2342" SrcFileId="2" StartOffset="1925"/>
</LocList>
<RootTerm CovItemId="C2" CovItemPrefix="ca.usherbrooke.ift232.actuRSS.bdd.DatabaseManager.java" Intrnl_Id="79">
<BasicBoolTerm Intrnl_Id="80">
<LocList>
<Loc EndOffset="1984" SrcFileId="2" StartOffset="1940"/>
</LocList>
</BasicBoolTerm>
</RootTerm>
</LoopStmnt>
<BasicStmnt CovItemId="S12" CovItemPrefix="ca.usherbrooke.ift232.actuRSS.bdd.DatabaseManager.java" Intrnl_Id="81">
<LocList>
<Loc EndOffset="2386" SrcFileId="2" StartOffset="2350"/>
</LocList>
</BasicStmnt>
</StmntSeq>
<Keyword EndOffset="1876" SrcFileId="2" StartOffset="1873"/>
<LocList>
<Loc EndOffset="2394" SrcFileId="2" StartOffset="1873"/>
</LocList>
<RootTerm CovItemId="C1" CovItemPrefix="ca.usherbrooke.ift232.actuRSS.bdd.DatabaseManager.java" Intrnl_Id="82">
<BasicBoolTerm Intrnl_Id="83">
<LocList>
<Loc EndOffset="1906" SrcFileId="2" StartOffset="1885"/>
</LocList>
</BasicBoolTerm>
</RootTerm>
</LoopStmnt>
</StmntSeq>
</HierarchyLvl>
<HierarchyLvl HierarchyLvlId="613" HierarchyLvlTypeId="6" Intrnl_Id="84" Name="insertCategory">
<Header>
<Loc EndOffset="2592" SrcFileId="2" StartOffset="2547"/>
</Header>
<LocList>
<Loc EndOffset="2879" SrcFileId="2" StartOffset="2547"/>
</LocList>
<StmntSeq Intrnl_Id="85">
<LocList>
<Loc EndOffset="2715" SrcFileId="2" StartOffset="2616"/>
<Loc EndOffset="2768" SrcFileId="2" StartOffset="2728"/>
<Loc EndOffset="2798" SrcFileId="2" StartOffset="2781"/>
<Loc EndOffset="2876" SrcFileId="2" StartOffset="2598"/>
</LocList>
<BasicStmnt CovItemId="S14" CovItemPrefix="ca.usherbrooke.ift232.actuRSS.bdd.DatabaseManager.java" Intrnl_Id="86">
<LocList>
<Loc EndOffset="2715" SrcFileId="2" StartOffset="2616"/>
</LocList>
</BasicStmnt>
<BasicStmnt CovItemId="S15" CovItemPrefix="ca.usherbrooke.ift232.actuRSS.bdd.DatabaseManager.java" Intrnl_Id="87">
<LocList>
<Loc EndOffset="2768" SrcFileId="2" StartOffset="2728"/>
</LocList>
</BasicStmnt>
<BasicStmnt CovItemId="S16" CovItemPrefix="ca.usherbrooke.ift232.actuRSS.bdd.DatabaseManager.java" Intrnl_Id="88">
<LocList>
<Loc EndOffset="2798" SrcFileId="2" StartOffset="2781"/>
</LocList>
</BasicStmnt>
<CondStmnt CovItemId="S13" CovItemPrefix="ca.usherbrooke.ift232.actuRSS.bdd.DatabaseManager.java" Intrnl_Id="89">
<Branch CovItemId="B1" CovItemPrefix="ca.usherbrooke.ift232.actuRSS.bdd.DatabaseManager.java" Implct="true" Intrnl_Id="90">
<Cond/>
<LocList/>
<StmntSeq Intrnl_Id="91">
<LocList/>
</StmntSeq>
</Branch>
<Branch CovItemId="B2" CovItemPrefix="ca.usherbrooke.ift232.actuRSS.bdd.DatabaseManager.java" Implct="false" Intrnl_Id="92">
<Cond>
<Loc EndOffset="2831" SrcFileId="2" StartOffset="2809"/>
</Cond>
<LocList>
<Loc EndOffset="2876" SrcFileId="2" StartOffset="2832"/>
</LocList>
<StmntSeq Intrnl_Id="93">
<LocList>
<Loc EndOffset="2866" SrcFileId="2" StartOffset="2846"/>
</LocList>
<BasicStmnt CovItemId="S17" CovItemPrefix="ca.usherbrooke.ift232.actuRSS.bdd.DatabaseManager.java" Intrnl_Id="94">
<LocList>
<Loc EndOffset="2866" SrcFileId="2" StartOffset="2846"/>
</LocList>
</BasicStmnt>
</StmntSeq>
</Branch>
<Keyword EndOffset="2601" SrcFileId="2" StartOffset="2598"/>
<LocList>
<Loc EndOffset="2876" SrcFileId="2" StartOffset="2598"/>
</LocList>
</CondStmnt>
</StmntSeq>
</HierarchyLvl>
<HierarchyLvl HierarchyLvlId="614" HierarchyLvlTypeId="6" Intrnl_Id="95" Name="insertFeed">
<Header>
<Loc EndOffset="3122" SrcFileId="2" StartOffset="3072"/>
</Header>
<LocList>
<Loc EndOffset="3518" SrcFileId="2" StartOffset="3072"/>
</LocList>
<StmntSeq Intrnl_Id="96">
<LocList>
<Loc EndOffset="3266" SrcFileId="2" StartOffset="3146"/>
<Loc EndOffset="3316" SrcFileId="2" StartOffset="3279"/>
<Loc EndOffset="3364" SrcFileId="2" StartOffset="3329"/>
<Loc EndOffset="3407" SrcFileId="2" StartOffset="3377"/>
<Loc EndOffset="3437" SrcFileId="2" StartOffset="3420"/>
<Loc EndOffset="3515" SrcFileId="2" StartOffset="3128"/>
</LocList>
<BasicStmnt CovItemId="S19" CovItemPrefix="ca.usherbrooke.ift232.actuRSS.bdd.DatabaseManager.java" Intrnl_Id="97">
<LocList>
<Loc EndOffset="3266" SrcFileId="2" StartOffset="3146"/>
</LocList>
</BasicStmnt>
<BasicStmnt CovItemId="S20" CovItemPrefix="ca.usherbrooke.ift232.actuRSS.bdd.DatabaseManager.java" Intrnl_Id="98">
<LocList>
<Loc EndOffset="3316" SrcFileId="2" StartOffset="3279"/>
</LocList>
</BasicStmnt>
<BasicStmnt CovItemId="S21" CovItemPrefix="ca.usherbrooke.ift232.actuRSS.bdd.DatabaseManager.java" Intrnl_Id="99">
<LocList>
<Loc EndOffset="3364" SrcFileId="2" StartOffset="3329"/>
</LocList>
</BasicStmnt>
<BasicStmnt CovItemId="S22" CovItemPrefix="ca.usherbrooke.ift232.actuRSS.bdd.DatabaseManager.java" Intrnl_Id="100">
<LocList>
<Loc EndOffset="3407" SrcFileId="2" StartOffset="3377"/>
</LocList>
</BasicStmnt>
<BasicStmnt CovItemId="S23" CovItemPrefix="ca.usherbrooke.ift232.actuRSS.bdd.DatabaseManager.java" Intrnl_Id="101">
<LocList>
<Loc EndOffset="3437" SrcFileId="2" StartOffset="3420"/>
</LocList>
</BasicStmnt>
<CondStmnt CovItemId="S18" CovItemPrefix="ca.usherbrooke.ift232.actuRSS.bdd.DatabaseManager.java" Intrnl_Id="102">
<Branch CovItemId="B3" CovItemPrefix="ca.usherbrooke.ift232.actuRSS.bdd.DatabaseManager.java" Implct="true" Intrnl_Id="103">
<Cond/>
<LocList/>
<StmntSeq Intrnl_Id="104">
<LocList/>
</StmntSeq>
</Branch>
<Branch CovItemId="B4" CovItemPrefix="ca.usherbrooke.ift232.actuRSS.bdd.DatabaseManager.java" Implct="false" Intrnl_Id="105">
<Cond>
<Loc EndOffset="3470" SrcFileId="2" StartOffset="3448"/>
</Cond>
<LocList>
<Loc EndOffset="3515" SrcFileId="2" StartOffset="3471"/>
</LocList>
<StmntSeq Intrnl_Id="106">
<LocList>
<Loc EndOffset="3505" SrcFileId="2" StartOffset="3485"/>
</LocList>
<BasicStmnt CovItemId="S24" CovItemPrefix="ca.usherbrooke.ift232.actuRSS.bdd.DatabaseManager.java" Intrnl_Id="107">
<LocList>
<Loc EndOffset="3505" SrcFileId="2" StartOffset="3485"/>
</LocList>
</BasicStmnt>
</StmntSeq>
</Branch>
<Keyword EndOffset="3131" SrcFileId="2" StartOffset="3128"/>
<LocList>
<Loc EndOffset="3515" SrcFileId="2" StartOffset="3128"/>
</LocList>
</CondStmnt>
</StmntSeq>
</HierarchyLvl>
<HierarchyLvl HierarchyLvlId="615" HierarchyLvlTypeId="6" Intrnl_Id="108" Name="insertNews">
<Header>
<Loc EndOffset="3751" SrcFileId="2" StartOffset="3705"/>
</Header>
<LocList>
<Loc EndOffset="4635" SrcFileId="2" StartOffset="3705"/>
</LocList>
<StmntSeq Intrnl_Id="109">
<LocList>
<Loc EndOffset="3770" SrcFileId="2" StartOffset="3757"/>
<Loc EndOffset="3790" SrcFileId="2" StartOffset="3773"/>
<Loc EndOffset="3813" SrcFileId="2" StartOffset="3796"/>
<Loc EndOffset="3846" SrcFileId="2" StartOffset="3816"/>
<Loc EndOffset="3892" SrcFileId="2" StartOffset="3849"/>
<Loc EndOffset="3928" SrcFileId="2" StartOffset="3898"/>
<Loc EndOffset="3970" SrcFileId="2" StartOffset="3931"/>
<Loc EndOffset="4167" SrcFileId="2" StartOffset="3991"/>
<Loc EndOffset="4215" SrcFileId="2" StartOffset="4180"/>
<Loc EndOffset="4265" SrcFileId="2" StartOffset="4228"/>
<Loc EndOffset="4316" SrcFileId="2" StartOffset="4278"/>
<Loc EndOffset="4355" SrcFileId="2" StartOffset="4329"/>
<Loc EndOffset="4409" SrcFileId="2" StartOffset="4369"/>
<Loc EndOffset="4445" SrcFileId="2" StartOffset="4422"/>
<Loc EndOffset="4485" SrcFileId="2" StartOffset="4458"/>
<Loc EndOffset="4524" SrcFileId="2" StartOffset="4498"/>
<Loc EndOffset="4554" SrcFileId="2" StartOffset="4537"/>
<Loc EndOffset="4632" SrcFileId="2" StartOffset="3973"/>
</LocList>
<BasicStmnt CovItemId="S25" CovItemPrefix="ca.usherbrooke.ift232.actuRSS.bdd.DatabaseManager.java" Intrnl_Id="110">
<LocList>
<Loc EndOffset="3770" SrcFileId="2" StartOffset="3757"/>
</LocList>
</BasicStmnt>
<BasicStmnt CovItemId="S26" CovItemPrefix="ca.usherbrooke.ift232.actuRSS.bdd.DatabaseManager.java" Intrnl_Id="111">
<LocList>
<Loc EndOffset="3790" SrcFileId="2" StartOffset="3773"/>
</LocList>
</BasicStmnt>
<BasicStmnt CovItemId="S27" CovItemPrefix="ca.usherbrooke.ift232.actuRSS.bdd.DatabaseManager.java" Intrnl_Id="112">
<LocList>
<Loc EndOffset="3813" SrcFileId="2" StartOffset="3796"/>
</LocList>
</BasicStmnt>
<BasicStmnt CovItemId="S28" CovItemPrefix="ca.usherbrooke.ift232.actuRSS.bdd.DatabaseManager.java" Intrnl_Id="113">
<LocList>
<Loc EndOffset="3846" SrcFileId="2" StartOffset="3816"/>
</LocList>
</BasicStmnt>
<BasicStmnt CovItemId="S29" CovItemPrefix="ca.usherbrooke.ift232.actuRSS.bdd.DatabaseManager.java" Intrnl_Id="114">
<LocList>
<Loc EndOffset="3892" SrcFileId="2" StartOffset="3849"/>
</LocList>
</BasicStmnt>
<CondStmnt CovItemId="S30" CovItemPrefix="ca.usherbrooke.ift232.actuRSS.bdd.DatabaseManager.java" Intrnl_Id="115">
<Branch CovItemId="B5" CovItemPrefix="ca.usherbrooke.ift232.actuRSS.bdd.DatabaseManager.java" Implct="false" Intrnl_Id="116">
<Cond/>
<LocList>
<Loc EndOffset="3928" SrcFileId="2" StartOffset="3920"/>
</LocList>
<StmntSeq Intrnl_Id="117">
<LocList>
<Loc EndOffset="3928" SrcFileId="2" StartOffset="3920"/>
</LocList>
<BasicStmnt CovItemId="S31" CovItemPrefix="ca.usherbrooke.ift232.actuRSS.bdd.DatabaseManager.java" Intrnl_Id="118">
<LocList>
<Loc EndOffset="3928" SrcFileId="2" StartOffset="3920"/>
</LocList>
</BasicStmnt>
</StmntSeq>
</Branch>
<Branch CovItemId="B6" CovItemPrefix="ca.usherbrooke.ift232.actuRSS.bdd.DatabaseManager.java" Implct="true" Intrnl_Id="119">
<Cond/>
<LocList/>
<StmntSeq Intrnl_Id="120">
<LocList/>
</StmntSeq>
</Branch>
<Keyword EndOffset="3900" SrcFileId="2" StartOffset="3898"/>
<LocList>
<Loc EndOffset="3928" SrcFileId="2" StartOffset="3898"/>
</LocList>
<RootTerm CovItemId="C4" CovItemPrefix="ca.usherbrooke.ift232.actuRSS.bdd.DatabaseManager.java" Intrnl_Id="121">
<BasicBoolTerm Intrnl_Id="122">
<LocList>
<Loc EndOffset="3915" SrcFileId="2" StartOffset="3902"/>
</LocList>
</BasicBoolTerm>
</RootTerm>
</CondStmnt>
<CondStmnt CovItemId="S32" CovItemPrefix="ca.usherbrooke.ift232.actuRSS.bdd.DatabaseManager.java" Intrnl_Id="123">
<Branch CovItemId="B7" CovItemPrefix="ca.usherbrooke.ift232.actuRSS.bdd.DatabaseManager.java" Implct="false" Intrnl_Id="124">
<Cond/>
<LocList>
<Loc EndOffset="3970" SrcFileId="2" StartOffset="3957"/>
</LocList>
<StmntSeq Intrnl_Id="125">
<LocList>
<Loc EndOffset="3970" SrcFileId="2" StartOffset="3957"/>
</LocList>
<BasicStmnt CovItemId="S33" CovItemPrefix="ca.usherbrooke.ift232.actuRSS.bdd.DatabaseManager.java" Intrnl_Id="126">
<LocList>
<Loc EndOffset="3970" SrcFileId="2" StartOffset="3957"/>
</LocList>
</BasicStmnt>
</StmntSeq>
</Branch>
<Branch CovItemId="B8" CovItemPrefix="ca.usherbrooke.ift232.actuRSS.bdd.DatabaseManager.java" Implct="true" Intrnl_Id="127">
<Cond/>
<LocList/>
<StmntSeq Intrnl_Id="128">
<LocList/>
</StmntSeq>
</Branch>
<Keyword EndOffset="3933" SrcFileId="2" StartOffset="3931"/>
<LocList>
<Loc EndOffset="3970" SrcFileId="2" StartOffset="3931"/>
</LocList>
<RootTerm CovItemId="C5" CovItemPrefix="ca.usherbrooke.ift232.actuRSS.bdd.DatabaseManager.java" Intrnl_Id="129">
<BasicBoolTerm Intrnl_Id="130">
<LocList>
<Loc EndOffset="3952" SrcFileId="2" StartOffset="3935"/>
</LocList>
</BasicBoolTerm>
</RootTerm>
</CondStmnt>
<BasicStmnt CovItemId="S35" CovItemPrefix="ca.usherbrooke.ift232.actuRSS.bdd.DatabaseManager.java" Intrnl_Id="131">
<LocList>
<Loc EndOffset="4167" SrcFileId="2" StartOffset="3991"/>
</LocList>
</BasicStmnt>
<BasicStmnt CovItemId="S36" CovItemPrefix="ca.usherbrooke.ift232.actuRSS.bdd.DatabaseManager.java" Intrnl_Id="132">
<LocList>
<Loc EndOffset="4215" SrcFileId="2" StartOffset="4180"/>
</LocList>
</BasicStmnt>
<BasicStmnt CovItemId="S37" CovItemPrefix="ca.usherbrooke.ift232.actuRSS.bdd.DatabaseManager.java" Intrnl_Id="133">
<LocList>
<Loc EndOffset="4265" SrcFileId="2" StartOffset="4228"/>
</LocList>
</BasicStmnt>
<BasicStmnt CovItemId="S38" CovItemPrefix="ca.usherbrooke.ift232.actuRSS.bdd.DatabaseManager.java" Intrnl_Id="134">
<LocList>
<Loc EndOffset="4316" SrcFileId="2" StartOffset="4278"/>
</LocList>
</BasicStmnt>
<BasicStmnt CovItemId="S39" CovItemPrefix="ca.usherbrooke.ift232.actuRSS.bdd.DatabaseManager.java" Intrnl_Id="135">
<LocList>
<Loc EndOffset="4355" SrcFileId="2" StartOffset="4329"/>
</LocList>
</BasicStmnt>
<BasicStmnt CovItemId="S40" CovItemPrefix="ca.usherbrooke.ift232.actuRSS.bdd.DatabaseManager.java" Intrnl_Id="136">
<LocList>
<Loc EndOffset="4409" SrcFileId="2" StartOffset="4369"/>
</LocList>
</BasicStmnt>
<BasicStmnt CovItemId="S41" CovItemPrefix="ca.usherbrooke.ift232.actuRSS.bdd.DatabaseManager.java" Intrnl_Id="137">
<LocList>
<Loc EndOffset="4445" SrcFileId="2" StartOffset="4422"/>
</LocList>
</BasicStmnt>
<BasicStmnt CovItemId="S42" CovItemPrefix="ca.usherbrooke.ift232.actuRSS.bdd.DatabaseManager.java" Intrnl_Id="138">
<LocList>
<Loc EndOffset="4485" SrcFileId="2" StartOffset="4458"/>
</LocList>
</BasicStmnt>
<BasicStmnt CovItemId="S43" CovItemPrefix="ca.usherbrooke.ift232.actuRSS.bdd.DatabaseManager.java" Intrnl_Id="139">
<LocList>
<Loc EndOffset="4524" SrcFileId="2" StartOffset="4498"/>
</LocList>
</BasicStmnt>
<BasicStmnt CovItemId="S44" CovItemPrefix="ca.usherbrooke.ift232.actuRSS.bdd.DatabaseManager.java" Intrnl_Id="140">
<LocList>
<Loc EndOffset="4554" SrcFileId="2" StartOffset="4537"/>
</LocList>
</BasicStmnt>
<CondStmnt CovItemId="S34" CovItemPrefix="ca.usherbrooke.ift232.actuRSS.bdd.DatabaseManager.java" Intrnl_Id="141">
<Branch CovItemId="B9" CovItemPrefix="ca.usherbrooke.ift232.actuRSS.bdd.DatabaseManager.java" Implct="true" Intrnl_Id="142">
<Cond/>
<LocList/>
<StmntSeq Intrnl_Id="143">
<LocList/>
</StmntSeq>
</Branch>
<Branch CovItemId="B10" CovItemPrefix="ca.usherbrooke.ift232.actuRSS.bdd.DatabaseManager.java" Implct="false" Intrnl_Id="144">
<Cond>
<Loc EndOffset="4587" SrcFileId="2" StartOffset="4565"/>
</Cond>
<LocList>
<Loc EndOffset="4632" SrcFileId="2" StartOffset="4588"/>
</LocList>
<StmntSeq Intrnl_Id="145">
<LocList>
<Loc EndOffset="4622" SrcFileId="2" StartOffset="4602"/>
</LocList>
<BasicStmnt CovItemId="S45" CovItemPrefix="ca.usherbrooke.ift232.actuRSS.bdd.DatabaseManager.java" Intrnl_Id="146">
<LocList>
<Loc EndOffset="4622" SrcFileId="2" StartOffset="4602"/>
</LocList>
</BasicStmnt>
</StmntSeq>
</Branch>
<Keyword EndOffset="3976" SrcFileId="2" StartOffset="3973"/>
<LocList>
<Loc EndOffset="4632" SrcFileId="2" StartOffset="3973"/>
</LocList>
</CondStmnt>
</StmntSeq>
</HierarchyLvl>
<HierarchyLvl HierarchyLvlId="616" HierarchyLvlTypeId="6" Intrnl_Id="147" Name="getAllCategories">
<Header>
<Loc EndOffset="4832" SrcFileId="2" StartOffset="4767"/>
</Header>
<LocList>
<Loc EndOffset="5424" SrcFileId="2" StartOffset="4767"/>
</LocList>
<StmntSeq Intrnl_Id="148">
<LocList>
<Loc EndOffset="4901" SrcFileId="2" StartOffset="4840"/>
<Loc EndOffset="4975" SrcFileId="2" StartOffset="4926"/>
<Loc EndOffset="5051" SrcFileId="2" StartOffset="4988"/>
<Loc EndOffset="5303" SrcFileId="2" StartOffset="5063"/>
<Loc EndOffset="5398" SrcFileId="2" StartOffset="5054"/>
<Loc EndOffset="5421" SrcFileId="2" StartOffset="5401"/>
</LocList>
<BasicStmnt CovItemId="S46" CovItemPrefix="ca.usherbrooke.ift232.actuRSS.bdd.DatabaseManager.java" Intrnl_Id="149">
<LocList>
<Loc EndOffset="4901" SrcFileId="2" StartOffset="4840"/>
</LocList>
</BasicStmnt>
<BasicStmnt CovItemId="S47" CovItemPrefix="ca.usherbrooke.ift232.actuRSS.bdd.DatabaseManager.java" Intrnl_Id="150">
<LocList>
<Loc EndOffset="4975" SrcFileId="2" StartOffset="4926"/>
</LocList>
</BasicStmnt>
<BasicStmnt CovItemId="S48" CovItemPrefix="ca.usherbrooke.ift232.actuRSS.bdd.DatabaseManager.java" Intrnl_Id="151">
<LocList>
<Loc EndOffset="5051" SrcFileId="2" StartOffset="4988"/>
</LocList>
</BasicStmnt>
<LoopStmnt CovItemId="S50" CovItemPrefix="ca.usherbrooke.ift232.actuRSS.bdd.DatabaseManager.java" Intrnl_Id="152" MltplExecId="L4-2" MltplExecPrefix="ca.usherbrooke.ift232.actuRSS.bdd.DatabaseManager.java" NvrExecId="L4-0" NvrExecPrefix="ca.usherbrooke.ift232.actuRSS.bdd.DatabaseManager.java" OnceExecutedId="L4-1" OnceExecutedPrefix="ca.usherbrooke.ift232.actuRSS.bdd.DatabaseManager.java" OptBodyExec="true">
<StmntSeq Intrnl_Id="153">
<LocList>
<Loc EndOffset="5174" SrcFileId="2" StartOffset="5099"/>
<Loc EndOffset="5228" SrcFileId="2" StartOffset="5184"/>
<Loc EndOffset="5265" SrcFileId="2" StartOffset="5234"/>
<Loc EndOffset="5298" SrcFileId="2" StartOffset="5271"/>
</LocList>
<BasicStmnt CovItemId="S51" CovItemPrefix="ca.usherbrooke.ift232.actuRSS.bdd.DatabaseManager.java" Intrnl_Id="154">
<LocList>
<Loc EndOffset="5174" SrcFileId="2" StartOffset="5099"/>
</LocList>
</BasicStmnt>
<BasicStmnt CovItemId="S52" CovItemPrefix="ca.usherbrooke.ift232.actuRSS.bdd.DatabaseManager.java" Intrnl_Id="155">
<LocList>
<Loc EndOffset="5228" SrcFileId="2" StartOffset="5184"/>
</LocList>
</BasicStmnt>
<BasicStmnt CovItemId="S53" CovItemPrefix="ca.usherbrooke.ift232.actuRSS.bdd.DatabaseManager.java" Intrnl_Id="156">
<LocList>
<Loc EndOffset="5265" SrcFileId="2" StartOffset="5234"/>
</LocList>
</BasicStmnt>
<BasicStmnt CovItemId="S54" CovItemPrefix="ca.usherbrooke.ift232.actuRSS.bdd.DatabaseManager.java" Intrnl_Id="157">
<LocList>
<Loc EndOffset="5298" SrcFileId="2" StartOffset="5271"/>
</LocList>
</BasicStmnt>
</StmntSeq>
<Keyword EndOffset="5068" SrcFileId="2" StartOffset="5063"/>
<LocList>
<Loc EndOffset="5303" SrcFileId="2" StartOffset="5063"/>
</LocList>
<RootTerm CovItemId="C6" CovItemPrefix="ca.usherbrooke.ift232.actuRSS.bdd.DatabaseManager.java" Intrnl_Id="158">
<BasicBoolTerm Intrnl_Id="159">
<LocList>
<Loc EndOffset="5085" SrcFileId="2" StartOffset="5070"/>
</LocList>
</BasicBoolTerm>
</RootTerm>
</LoopStmnt>
<CondStmnt CovItemId="S49" CovItemPrefix="ca.usherbrooke.ift232.actuRSS.bdd.DatabaseManager.java" Intrnl_Id="160">
<Branch CovItemId="B11" CovItemPrefix="ca.usherbrooke.ift232.actuRSS.bdd.DatabaseManager.java" Implct="true" Intrnl_Id="161">
<Cond/>
<LocList/>
<StmntSeq Intrnl_Id="162">
<LocList/>
</StmntSeq>
</Branch>
<Branch CovItemId="B12" CovItemPrefix="ca.usherbrooke.ift232.actuRSS.bdd.DatabaseManager.java" Implct="false" Intrnl_Id="163">
<Cond>
<Loc EndOffset="5330" SrcFileId="2" StartOffset="5308"/>
</Cond>
<LocList>
<Loc EndOffset="5398" SrcFileId="2" StartOffset="5331"/>
</LocList>
<StmntSeq Intrnl_Id="164">
<LocList>
<Loc EndOffset="5394" SrcFileId="2" StartOffset="5374"/>
</LocList>
<BasicStmnt CovItemId="S55" CovItemPrefix="ca.usherbrooke.ift232.actuRSS.bdd.DatabaseManager.java" Intrnl_Id="165">
<LocList>
<Loc EndOffset="5394" SrcFileId="2" StartOffset="5374"/>
</LocList>
</BasicStmnt>
</StmntSeq>
</Branch>
<Keyword EndOffset="5057" SrcFileId="2" StartOffset="5054"/>
<LocList>
<Loc EndOffset="5398" SrcFileId="2" StartOffset="5054"/>
</LocList>
</CondStmnt>
<BasicStmnt CovItemId="S56" CovItemPrefix="ca.usherbrooke.ift232.actuRSS.bdd.DatabaseManager.java" Intrnl_Id="166">
<LocList>
<Loc EndOffset="5421" SrcFileId="2" StartOffset="5401"/>
</LocList>
</BasicStmnt>
</StmntSeq>
</HierarchyLvl>
<HierarchyLvl HierarchyLvlId="617" HierarchyLvlTypeId="6" Intrnl_Id="167" Name="getAllFeedFromCategory">
<Header>
<Loc EndOffset="5576" SrcFileId="2" StartOffset="5511"/>
</Header>
<LocList>
<Loc EndOffset="6245" SrcFileId="2" StartOffset="5511"/>
</LocList>
<StmntSeq Intrnl_Id="168">
<LocList>
<Loc EndOffset="5629" SrcFileId="2" StartOffset="5584"/>
<Loc EndOffset="5681" SrcFileId="2" StartOffset="5632"/>
<Loc EndOffset="5812" SrcFileId="2" StartOffset="5712"/>
<Loc EndOffset="5851" SrcFileId="2" StartOffset="5816"/>
<Loc EndOffset="5896" SrcFileId="2" StartOffset="5855"/>
<Loc EndOffset="6129" SrcFileId="2" StartOffset="5904"/>
<Loc EndOffset="6224" SrcFileId="2" StartOffset="5703"/>
<Loc EndOffset="6239" SrcFileId="2" StartOffset="6227"/>
</LocList>
<BasicStmnt CovItemId="S57" CovItemPrefix="ca.usherbrooke.ift232.actuRSS.bdd.DatabaseManager.java" Intrnl_Id="169">
<LocList>
<Loc EndOffset="5629" SrcFileId="2" StartOffset="5584"/>
</LocList>
</BasicStmnt>
<BasicStmnt CovItemId="S58" CovItemPrefix="ca.usherbrooke.ift232.actuRSS.bdd.DatabaseManager.java" Intrnl_Id="170">
<LocList>
<Loc EndOffset="5681" SrcFileId="2" StartOffset="5632"/>
</LocList>
</BasicStmnt>
<BasicStmnt CovItemId="S60" CovItemPrefix="ca.usherbrooke.ift232.actuRSS.bdd.DatabaseManager.java" Intrnl_Id="171">
<LocList>
<Loc EndOffset="5812" SrcFileId="2" StartOffset="5712"/>
</LocList>
</BasicStmnt>
<BasicStmnt CovItemId="S61" CovItemPrefix="ca.usherbrooke.ift232.actuRSS.bdd.DatabaseManager.java" Intrnl_Id="172">
<LocList>
<Loc EndOffset="5851" SrcFileId="2" StartOffset="5816"/>
</LocList>
</BasicStmnt>
<BasicStmnt CovItemId="S62" CovItemPrefix="ca.usherbrooke.ift232.actuRSS.bdd.DatabaseManager.java" Intrnl_Id="173">
<LocList>
<Loc EndOffset="5896" SrcFileId="2" StartOffset="5855"/>
</LocList>
</BasicStmnt>
<LoopStmnt CovItemId="S63" CovItemPrefix="ca.usherbrooke.ift232.actuRSS.bdd.DatabaseManager.java" Intrnl_Id="174" MltplExecId="L5-2" MltplExecPrefix="ca.usherbrooke.ift232.actuRSS.bdd.DatabaseManager.java" NvrExecId="L5-0" NvrExecPrefix="ca.usherbrooke.ift232.actuRSS.bdd.DatabaseManager.java" OnceExecutedId="L5-1" OnceExecutedPrefix="ca.usherbrooke.ift232.actuRSS.bdd.DatabaseManager.java" OptBodyExec="true">
<StmntSeq Intrnl_Id="175">
<LocList>
<Loc EndOffset="6026" SrcFileId="2" StartOffset="5937"/>
<Loc EndOffset="6067" SrcFileId="2" StartOffset="6031"/>
<Loc EndOffset="6099" SrcFileId="2" StartOffset="6072"/>
<Loc EndOffset="6124" SrcFileId="2" StartOffset="6109"/>
</LocList>
<BasicStmnt CovItemId="S64" CovItemPrefix="ca.usherbrooke.ift232.actuRSS.bdd.DatabaseManager.java" Intrnl_Id="176">
<LocList>
<Loc EndOffset="6026" SrcFileId="2" StartOffset="5937"/>
</LocList>
</BasicStmnt>
<BasicStmnt CovItemId="S65" CovItemPrefix="ca.usherbrooke.ift232.actuRSS.bdd.DatabaseManager.java" Intrnl_Id="177">
<LocList>
<Loc EndOffset="6067" SrcFileId="2" StartOffset="6031"/>
</LocList>
</BasicStmnt>
<BasicStmnt CovItemId="S66" CovItemPrefix="ca.usherbrooke.ift232.actuRSS.bdd.DatabaseManager.java" Intrnl_Id="178">
<LocList>
<Loc EndOffset="6099" SrcFileId="2" StartOffset="6072"/>
</LocList>
</BasicStmnt>
<BasicStmnt CovItemId="S67" CovItemPrefix="ca.usherbrooke.ift232.actuRSS.bdd.DatabaseManager.java" Intrnl_Id="179">
<LocList>
<Loc EndOffset="6124" SrcFileId="2" StartOffset="6109"/>
</LocList>
</BasicStmnt>
</StmntSeq>
<Keyword EndOffset="5909" SrcFileId="2" StartOffset="5904"/>
<LocList>
<Loc EndOffset="6129" SrcFileId="2" StartOffset="5904"/>
</LocList>
<RootTerm CovItemId="C7" CovItemPrefix="ca.usherbrooke.ift232.actuRSS.bdd.DatabaseManager.java" Intrnl_Id="180">
<BasicBoolTerm Intrnl_Id="181">
<LocList>
<Loc EndOffset="5924" SrcFileId="2" StartOffset="5911"/>
</LocList>
</BasicBoolTerm>
</RootTerm>
</LoopStmnt>
<CondStmnt CovItemId="S59" CovItemPrefix="ca.usherbrooke.ift232.actuRSS.bdd.DatabaseManager.java" Intrnl_Id="182">
<Branch CovItemId="B13" CovItemPrefix="ca.usherbrooke.ift232.actuRSS.bdd.DatabaseManager.java" Implct="true" Intrnl_Id="183">
<Cond/>
<LocList/>
<StmntSeq Intrnl_Id="184">
<LocList/>
</StmntSeq>
</Branch>
<Branch CovItemId="B14" CovItemPrefix="ca.usherbrooke.ift232.actuRSS.bdd.DatabaseManager.java" Implct="false" Intrnl_Id="185">
<Cond>
<Loc EndOffset="6156" SrcFileId="2" StartOffset="6134"/>
</Cond>
<LocList>
<Loc EndOffset="6224" SrcFileId="2" StartOffset="6157"/>
</LocList>
<StmntSeq Intrnl_Id="186">
<LocList>
<Loc EndOffset="6220" SrcFileId="2" StartOffset="6200"/>
</LocList>
<BasicStmnt CovItemId="S68" CovItemPrefix="ca.usherbrooke.ift232.actuRSS.bdd.DatabaseManager.java" Intrnl_Id="187">
<LocList>
<Loc EndOffset="6220" SrcFileId="2" StartOffset="6200"/>
</LocList>
</BasicStmnt>
</StmntSeq>
</Branch>
<Keyword EndOffset="5706" SrcFileId="2" StartOffset="5703"/>
<LocList>
<Loc EndOffset="6224" SrcFileId="2" StartOffset="5703"/>
</LocList>
</CondStmnt>
<BasicStmnt CovItemId="S69" CovItemPrefix="ca.usherbrooke.ift232.actuRSS.bdd.DatabaseManager.java" Intrnl_Id="188">
<LocList>
<Loc EndOffset="6239" SrcFileId="2" StartOffset="6227"/>
</LocList>
</BasicStmnt>
</StmntSeq>
</HierarchyLvl>
<HierarchyLvl HierarchyLvlId="618" HierarchyLvlTypeId="6" Intrnl_Id="189" Name="getAllNewsFromFeed">
<Header>
<Loc EndOffset="6434" SrcFileId="2" StartOffset="6361"/>
</Header>
<LocList>
<Loc EndOffset="7188" SrcFileId="2" StartOffset="6361"/>
</LocList>
<StmntSeq Intrnl_Id="190">
<LocList>
<Loc EndOffset="6485" SrcFileId="2" StartOffset="6440"/>
<Loc EndOffset="6649" SrcFileId="2" StartOffset="6557"/>
<Loc EndOffset="6688" SrcFileId="2" StartOffset="6653"/>
<Loc EndOffset="6735" SrcFileId="2" StartOffset="6692"/>
<Loc EndOffset="7168" SrcFileId="2" StartOffset="6757"/>
<Loc EndOffset="7184" SrcFileId="2" StartOffset="7172"/>
</LocList>
<BasicStmnt CovItemId="S70" CovItemPrefix="ca.usherbrooke.ift232.actuRSS.bdd.DatabaseManager.java" Intrnl_Id="191">
<LocList>
<Loc EndOffset="6485" SrcFileId="2" StartOffset="6440"/>
</LocList>
</BasicStmnt>
<BasicStmnt CovItemId="S71" CovItemPrefix="ca.usherbrooke.ift232.actuRSS.bdd.DatabaseManager.java" Intrnl_Id="192">
<LocList>
<Loc EndOffset="6649" SrcFileId="2" StartOffset="6557"/>
</LocList>
</BasicStmnt>
<BasicStmnt CovItemId="S72" CovItemPrefix="ca.usherbrooke.ift232.actuRSS.bdd.DatabaseManager.java" Intrnl_Id="193">
<LocList>
<Loc EndOffset="6688" SrcFileId="2" StartOffset="6653"/>
</LocList>
</BasicStmnt>
<BasicStmnt CovItemId="S73" CovItemPrefix="ca.usherbrooke.ift232.actuRSS.bdd.DatabaseManager.java" Intrnl_Id="194">
<LocList>
<Loc EndOffset="6735" SrcFileId="2" StartOffset="6692"/>
</LocList>
</BasicStmnt>
<LoopStmnt CovItemId="S74" CovItemPrefix="ca.usherbrooke.ift232.actuRSS.bdd.DatabaseManager.java" Intrnl_Id="195" MltplExecId="L6-2" MltplExecPrefix="ca.usherbrooke.ift232.actuRSS.bdd.DatabaseManager.java" NvrExecId="L6-0" NvrExecPrefix="ca.usherbrooke.ift232.actuRSS.bdd.DatabaseManager.java" OnceExecutedId="L6-1" OnceExecutedPrefix="ca.usherbrooke.ift232.actuRSS.bdd.DatabaseManager.java" OptBodyExec="true">
<StmntSeq Intrnl_Id="196">
<LocList>
<Loc EndOffset="6830" SrcFileId="2" StartOffset="6792"/>
<Loc EndOffset="6881" SrcFileId="2" StartOffset="6835"/>
<Loc EndOffset="6967" SrcFileId="2" StartOffset="6886"/>
<Loc EndOffset="7143" SrcFileId="2" StartOffset="6987"/>
<Loc EndOffset="7163" SrcFileId="2" StartOffset="7148"/>
</LocList>
<BasicStmnt CovItemId="S75" CovItemPrefix="ca.usherbrooke.ift232.actuRSS.bdd.DatabaseManager.java" Intrnl_Id="197">
<LocList>
<Loc EndOffset="6830" SrcFileId="2" StartOffset="6792"/>
</LocList>
</BasicStmnt>
<BasicStmnt CovItemId="S76" CovItemPrefix="ca.usherbrooke.ift232.actuRSS.bdd.DatabaseManager.java" Intrnl_Id="198">
<LocList>
<Loc EndOffset="6881" SrcFileId="2" StartOffset="6835"/>
</LocList>
</BasicStmnt>
<BasicStmnt CovItemId="S77" CovItemPrefix="ca.usherbrooke.ift232.actuRSS.bdd.DatabaseManager.java" Intrnl_Id="199">
<LocList>
<Loc EndOffset="6967" SrcFileId="2" StartOffset="6886"/>
</LocList>
</BasicStmnt>
<BasicStmnt CovItemId="S78" CovItemPrefix="ca.usherbrooke.ift232.actuRSS.bdd.DatabaseManager.java" Intrnl_Id="200">
<LocList>
<Loc EndOffset="7143" SrcFileId="2" StartOffset="6987"/>
</LocList>
</BasicStmnt>
<BasicStmnt CovItemId="S79" CovItemPrefix="ca.usherbrooke.ift232.actuRSS.bdd.DatabaseManager.java" Intrnl_Id="201">
<LocList>
<Loc EndOffset="7163" SrcFileId="2" StartOffset="7148"/>
</LocList>
</BasicStmnt>
</StmntSeq>
<Keyword EndOffset="6762" SrcFileId="2" StartOffset="6757"/>
<LocList>
<Loc EndOffset="7168" SrcFileId="2" StartOffset="6757"/>
</LocList>
<RootTerm CovItemId="C8" CovItemPrefix="ca.usherbrooke.ift232.actuRSS.bdd.DatabaseManager.java" Intrnl_Id="202">
<BasicBoolTerm Intrnl_Id="203">
<LocList>
<Loc EndOffset="6779" SrcFileId="2" StartOffset="6764"/>
</LocList>
</BasicBoolTerm>
</RootTerm>
</LoopStmnt>
<BasicStmnt CovItemId="S80" CovItemPrefix="ca.usherbrooke.ift232.actuRSS.bdd.DatabaseManager.java" Intrnl_Id="204">
<LocList>
<Loc EndOffset="7184" SrcFileId="2" StartOffset="7172"/>
</LocList>
</BasicStmnt>
</StmntSeq>
</HierarchyLvl>
<HierarchyLvl HierarchyLvlId="619" HierarchyLvlTypeId="6" Intrnl_Id="205" Name="returnCategory">
<Header>
<Loc EndOffset="8551" SrcFileId="2" StartOffset="8523"/>
</Header>
<LocList>
<Loc EndOffset="8987" SrcFileId="2" StartOffset="8523"/>
</LocList>
<StmntSeq Intrnl_Id="206">
<LocList>
<Loc EndOffset="8603" SrcFileId="2" StartOffset="8560"/>
<Loc EndOffset="8646" SrcFileId="2" StartOffset="8607"/>
<Loc EndOffset="8889" SrcFileId="2" StartOffset="8663"/>
<Loc EndOffset="8984" SrcFileId="2" StartOffset="8654"/>
</LocList>
<BasicStmnt CovItemId="S81" CovItemPrefix="ca.usherbrooke.ift232.actuRSS.bdd.DatabaseManager.java" Intrnl_Id="207">
<LocList>
<Loc EndOffset="8603" SrcFileId="2" StartOffset="8560"/>
</LocList>
</BasicStmnt>
<BasicStmnt CovItemId="S82" CovItemPrefix="ca.usherbrooke.ift232.actuRSS.bdd.DatabaseManager.java" Intrnl_Id="208">
<LocList>
<Loc EndOffset="8646" SrcFileId="2" StartOffset="8607"/>
</LocList>
</BasicStmnt>
<LoopStmnt CovItemId="S84" CovItemPrefix="ca.usherbrooke.ift232.actuRSS.bdd.DatabaseManager.java" Intrnl_Id="209" MltplExecId="L7-2" MltplExecPrefix="ca.usherbrooke.ift232.actuRSS.bdd.DatabaseManager.java" NvrExecId="L7-0" NvrExecPrefix="ca.usherbrooke.ift232.actuRSS.bdd.DatabaseManager.java" OnceExecutedId="L7-1" OnceExecutedPrefix="ca.usherbrooke.ift232.actuRSS.bdd.DatabaseManager.java" OptBodyExec="true">
<StmntSeq Intrnl_Id="210">
<LocList>
<Loc EndOffset="8718" SrcFileId="2" StartOffset="8693"/>
<Loc EndOffset="8762" SrcFileId="2" StartOffset="8727"/>
<Loc EndOffset="8806" SrcFileId="2" StartOffset="8771"/>
<Loc EndOffset="8852" SrcFileId="2" StartOffset="8815"/>
<Loc EndOffset="8882" SrcFileId="2" StartOffset="8861"/>
</LocList>
<BasicStmnt CovItemId="S85" CovItemPrefix="ca.usherbrooke.ift232.actuRSS.bdd.DatabaseManager.java" Intrnl_Id="211">
<LocList>
<Loc EndOffset="8718" SrcFileId="2" StartOffset="8693"/>
</LocList>
</BasicStmnt>
<BasicStmnt CovItemId="S86" CovItemPrefix="ca.usherbrooke.ift232.actuRSS.bdd.DatabaseManager.java" Intrnl_Id="212">
<LocList>
<Loc EndOffset="8762" SrcFileId="2" StartOffset="8727"/>
</LocList>
</BasicStmnt>
<BasicStmnt CovItemId="S87" CovItemPrefix="ca.usherbrooke.ift232.actuRSS.bdd.DatabaseManager.java" Intrnl_Id="213">
<LocList>
<Loc EndOffset="8806" SrcFileId="2" StartOffset="8771"/>
</LocList>
</BasicStmnt>
<BasicStmnt CovItemId="S88" CovItemPrefix="ca.usherbrooke.ift232.actuRSS.bdd.DatabaseManager.java" Intrnl_Id="214">
<LocList>
<Loc EndOffset="8852" SrcFileId="2" StartOffset="8815"/>
</LocList>
</BasicStmnt>
<BasicStmnt CovItemId="S89" CovItemPrefix="ca.usherbrooke.ift232.actuRSS.bdd.DatabaseManager.java" Intrnl_Id="215">
<LocList>
<Loc EndOffset="8882" SrcFileId="2" StartOffset="8861"/>
</LocList>
</BasicStmnt>
</StmntSeq>
<Keyword EndOffset="8668" SrcFileId="2" StartOffset="8663"/>
<LocList>
<Loc EndOffset="8889" SrcFileId="2" StartOffset="8663"/>
</LocList>
<RootTerm CovItemId="C9" CovItemPrefix="ca.usherbrooke.ift232.actuRSS.bdd.DatabaseManager.java" Intrnl_Id="216">
<BasicBoolTerm Intrnl_Id="217">
<LocList>
<Loc EndOffset="8680" SrcFileId="2" StartOffset="8671"/>
</LocList>
</BasicBoolTerm>
</RootTerm>
</LoopStmnt>
<CondStmnt CovItemId="S83" CovItemPrefix="ca.usherbrooke.ift232.actuRSS.bdd.DatabaseManager.java" Intrnl_Id="218">
<Branch CovItemId="B15" CovItemPrefix="ca.usherbrooke.ift232.actuRSS.bdd.DatabaseManager.java" Implct="true" Intrnl_Id="219">
<Cond/>
<LocList/>
<StmntSeq Intrnl_Id="220">
<LocList/>
</StmntSeq>
</Branch>
<Branch CovItemId="B16" CovItemPrefix="ca.usherbrooke.ift232.actuRSS.bdd.DatabaseManager.java" Implct="false" Intrnl_Id="221">
<Cond>
<Loc EndOffset="8916" SrcFileId="2" StartOffset="8894"/>
</Cond>
<LocList>
<Loc EndOffset="8984" SrcFileId="2" StartOffset="8917"/>
</LocList>
<StmntSeq Intrnl_Id="222">
<LocList>
<Loc EndOffset="8980" SrcFileId="2" StartOffset="8960"/>
</LocList>
<BasicStmnt CovItemId="S90" CovItemPrefix="ca.usherbrooke.ift232.actuRSS.bdd.DatabaseManager.java" Intrnl_Id="223">
<LocList>
<Loc EndOffset="8980" SrcFileId="2" StartOffset="8960"/>
</LocList>
</BasicStmnt>
</StmntSeq>
</Branch>
<Keyword EndOffset="8657" SrcFileId="2" StartOffset="8654"/>
<LocList>
<Loc EndOffset="8984" SrcFileId="2" StartOffset="8654"/>
</LocList>
</CondStmnt>
</StmntSeq>
</HierarchyLvl>
<HierarchyLvl HierarchyLvlId="620" HierarchyLvlTypeId="6" Intrnl_Id="224" Name="clearDB">
<Header>
<Loc EndOffset="9089" SrcFileId="2" StartOffset="9068"/>
</Header>
<LocList>
<Loc EndOffset="9286" SrcFileId="2" StartOffset="9068"/>
</LocList>
<StmntSeq Intrnl_Id="225">
<LocList>
<Loc EndOffset="9132" SrcFileId="2" StartOffset="9095"/>
<Loc EndOffset="9159" SrcFileId="2" StartOffset="9135"/>
<Loc EndOffset="9192" SrcFileId="2" StartOffset="9162"/>
<Loc EndOffset="9219" SrcFileId="2" StartOffset="9195"/>
<Loc EndOffset="9256" SrcFileId="2" StartOffset="9222"/>
<Loc EndOffset="9283" SrcFileId="2" StartOffset="9259"/>
</LocList>
<BasicStmnt CovItemId="S91" CovItemPrefix="ca.usherbrooke.ift232.actuRSS.bdd.DatabaseManager.java" Intrnl_Id="226">
<LocList>
<Loc EndOffset="9132" SrcFileId="2" StartOffset="9095"/>
</LocList>
</BasicStmnt>
<BasicStmnt CovItemId="S92" CovItemPrefix="ca.usherbrooke.ift232.actuRSS.bdd.DatabaseManager.java" Intrnl_Id="227">
<LocList>
<Loc EndOffset="9159" SrcFileId="2" StartOffset="9135"/>
</LocList>
</BasicStmnt>
<BasicStmnt CovItemId="S93" CovItemPrefix="ca.usherbrooke.ift232.actuRSS.bdd.DatabaseManager.java" Intrnl_Id="228">
<LocList>
<Loc EndOffset="9192" SrcFileId="2" StartOffset="9162"/>
</LocList>
</BasicStmnt>
<BasicStmnt CovItemId="S94" CovItemPrefix="ca.usherbrooke.ift232.actuRSS.bdd.DatabaseManager.java" Intrnl_Id="229">
<LocList>
<Loc EndOffset="9219" SrcFileId="2" StartOffset="9195"/>
</LocList>
</BasicStmnt>
<BasicStmnt CovItemId="S95" CovItemPrefix="ca.usherbrooke.ift232.actuRSS.bdd.DatabaseManager.java" Intrnl_Id="230">
<LocList>
<Loc EndOffset="9256" SrcFileId="2" StartOffset="9222"/>
</LocList>
</BasicStmnt>
<BasicStmnt CovItemId="S96" CovItemPrefix="ca.usherbrooke.ift232.actuRSS.bdd.DatabaseManager.java" Intrnl_Id="231">
<LocList>
<Loc EndOffset="9283" SrcFileId="2" StartOffset="9259"/>
</LocList>
</BasicStmnt>
</StmntSeq>
</HierarchyLvl>
<HierarchyLvl HierarchyLvlId="621" HierarchyLvlTypeId="6" Intrnl_Id="232" Name="connect">
<Header>
<Loc EndOffset="11300" SrcFileId="2" StartOffset="11279"/>
</Header>
<LocList>
<Loc EndOffset="11321" SrcFileId="2" StartOffset="11279"/>
</LocList>
<StmntSeq Intrnl_Id="233">
<LocList>
<Loc EndOffset="11318" SrcFileId="2" StartOffset="11305"/>
</LocList>
<BasicStmnt CovItemId="S97" CovItemPrefix="ca.usherbrooke.ift232.actuRSS.bdd.DatabaseManager.java" Intrnl_Id="234">
<LocList>
<Loc EndOffset="11318" SrcFileId="2" StartOffset="11305"/>
</LocList>
</BasicStmnt>
</StmntSeq>
</HierarchyLvl>
<HierarchyLvl HierarchyLvlId="622" HierarchyLvlTypeId="6" Intrnl_Id="235" Name="disconnect">
<Header>
<Loc EndOffset="11349" SrcFileId="2" StartOffset="11325"/>
</Header>
<LocList>
<Loc EndOffset="11373" SrcFileId="2" StartOffset="11325"/>
</LocList>
<StmntSeq Intrnl_Id="236">
<LocList>
<Loc EndOffset="11370" SrcFileId="2" StartOffset="11354"/>
</LocList>
<BasicStmnt CovItemId="S98" CovItemPrefix="ca.usherbrooke.ift232.actuRSS.bdd.DatabaseManager.java" Intrnl_Id="237">
<LocList>
<Loc EndOffset="11370" SrcFileId="2" StartOffset="11354"/>
</LocList>
</BasicStmnt>
</StmntSeq>
</HierarchyLvl>
<HierarchyLvl HierarchyLvlId="623" HierarchyLvlTypeId="6" Intrnl_Id="238" Name="emptyNews">
<Header>
<Loc EndOffset="11399" SrcFileId="2" StartOffset="11376"/>
</Header>
<LocList>
<Loc EndOffset="11445" SrcFileId="2" StartOffset="11376"/>
</LocList>
<StmntSeq Intrnl_Id="239">
<LocList>
<Loc EndOffset="11440" SrcFileId="2" StartOffset="11404"/>
</LocList>
<BasicStmnt CovItemId="S99" CovItemPrefix="ca.usherbrooke.ift232.actuRSS.bdd.DatabaseManager.java" Intrnl_Id="240">
<LocList>
<Loc EndOffset="11440" SrcFileId="2" StartOffset="11404"/>
</LocList>
</BasicStmnt>
</StmntSeq>
</HierarchyLvl>
<HierarchyLvl HierarchyLvlId="624" HierarchyLvlTypeId="6" Intrnl_Id="241" Name="getDb">
<Header>
<Loc EndOffset="11471" SrcFileId="2" StartOffset="11448"/>
</Header>
<LocList>
<Loc EndOffset="11489" SrcFileId="2" StartOffset="11448"/>
</LocList>
<StmntSeq Intrnl_Id="242">
<LocList>
<Loc EndOffset="11486" SrcFileId="2" StartOffset="11476"/>
</LocList>
<BasicStmnt CovItemId="S100" CovItemPrefix="ca.usherbrooke.ift232.actuRSS.bdd.DatabaseManager.java" Intrnl_Id="243">
<LocList>
<Loc EndOffset="11486" SrcFileId="2" StartOffset="11476"/>
</LocList>
</BasicStmnt>
</StmntSeq>
</HierarchyLvl>
<HierarchyLvl HierarchyLvlId="625" HierarchyLvlTypeId="6" Intrnl_Id="244" Name="getDbUtil">
<Header>
<Loc EndOffset="11522" SrcFileId="2" StartOffset="11491"/>
</Header>
<LocList>
<Loc EndOffset="11549" SrcFileId="2" StartOffset="11491"/>
</LocList>
<StmntSeq Intrnl_Id="245">
<LocList>
<Loc EndOffset="11546" SrcFileId="2" StartOffset="11527"/>
</LocList>
<BasicStmnt CovItemId="S101" CovItemPrefix="ca.usherbrooke.ift232.actuRSS.bdd.DatabaseManager.java" Intrnl_Id="246">
<LocList>
<Loc EndOffset="11546" SrcFileId="2" StartOffset="11527"/>
</LocList>
</BasicStmnt>
</StmntSeq>
</HierarchyLvl>
</HierarchyLvl>
<HierarchyLvl HierarchyLvlId="632" HierarchyLvlTypeId="5" Intrnl_Id="247" Name="Database">
<Header>
<Loc EndOffset="303" SrcFileId="3" StartOffset="282"/>
</Header>
<LocList>
<Loc EndOffset="3483" SrcFileId="3" StartOffset="282"/>
</LocList>
<HierarchyLvl HierarchyLvlId="627" HierarchyLvlTypeId="6" Intrnl_Id="248" Name="Database">
<Header>
<Loc EndOffset="558" SrcFileId="3" StartOffset="528"/>
</Header>
<LocList>
<Loc EndOffset="903" SrcFileId="3" StartOffset="528"/>
</LocList>
<StmntSeq Intrnl_Id="249">
<LocList>
<Loc EndOffset="708" SrcFileId="3" StartOffset="675"/>
<Loc EndOffset="829" SrcFileId="3" StartOffset="649"/>
<Loc EndOffset="865" SrcFileId="3" StartOffset="840"/>
<Loc EndOffset="897" SrcFileId="3" StartOffset="874"/>
</LocList>
<BasicStmnt CovItemId="S2" CovItemPrefix="ca.usherbrooke.ift232.actuRSS.bdd.Database.java" Intrnl_Id="250">
<LocList>
<Loc EndOffset="708" SrcFileId="3" StartOffset="675"/>
</LocList>
</BasicStmnt>
<CondStmnt CovItemId="S1" CovItemPrefix="ca.usherbrooke.ift232.actuRSS.bdd.Database.java" Intrnl_Id="251">
<Branch CovItemId="B1" CovItemPrefix="ca.usherbrooke.ift232.actuRSS.bdd.Database.java" Implct="true" Intrnl_Id="252">
<Cond/>
<LocList/>
<StmntSeq Intrnl_Id="253">
<LocList/>
</StmntSeq>
</Branch>
<Branch CovItemId="B2" CovItemPrefix="ca.usherbrooke.ift232.actuRSS.bdd.Database.java" Implct="false" Intrnl_Id="254">
<Cond>
<Loc EndOffset="760" SrcFileId="3" StartOffset="727"/>
</Cond>
<LocList>
<Loc EndOffset="829" SrcFileId="3" StartOffset="769"/>
</LocList>
<StmntSeq Intrnl_Id="255">
<LocList>
<Loc EndOffset="819" SrcFileId="3" StartOffset="783"/>
</LocList>
<BasicStmnt CovItemId="S3" CovItemPrefix="ca.usherbrooke.ift232.actuRSS.bdd.Database.java" Intrnl_Id="256">
<LocList>
<Loc EndOffset="819" SrcFileId="3" StartOffset="783"/>
</LocList>
</BasicStmnt>
</StmntSeq>
</Branch>
<Keyword EndOffset="652" SrcFileId="3" StartOffset="649"/>
<LocList>
<Loc EndOffset="829" SrcFileId="3" StartOffset="649"/>
</LocList>
</CondStmnt>
<BasicStmnt CovItemId="S4" CovItemPrefix="ca.usherbrooke.ift232.actuRSS.bdd.Database.java" Intrnl_Id="257">
<LocList>
<Loc EndOffset="865" SrcFileId="3" StartOffset="840"/>
</LocList>
</BasicStmnt>
<BasicStmnt CovItemId="S5" CovItemPrefix="ca.usherbrooke.ift232.actuRSS.bdd.Database.java" Intrnl_Id="258">
<LocList>
<Loc EndOffset="897" SrcFileId="3" StartOffset="874"/>
</LocList>
</BasicStmnt>
</StmntSeq>
</HierarchyLvl>
<HierarchyLvl HierarchyLvlId="628" HierarchyLvlTypeId="6" Intrnl_Id="259" Name="connect">
<Header>
<Loc EndOffset="1068" SrcFileId="3" StartOffset="1044"/>
</Header>
<LocList>
<Loc EndOffset="2227" SrcFileId="3" StartOffset="1044"/>
</LocList>
<StmntSeq Intrnl_Id="260">
<LocList>
<Loc EndOffset="1214" SrcFileId="3" StartOffset="1145"/>
<Loc EndOffset="1332" SrcFileId="3" StartOffset="1293"/>
<Loc EndOffset="1938" SrcFileId="3" StartOffset="1887"/>
<Loc EndOffset="1979" SrcFileId="3" StartOffset="1951"/>
<Loc EndOffset="2018" SrcFileId="3" StartOffset="2006"/>
<Loc EndOffset="2221" SrcFileId="3" StartOffset="1083"/>
</LocList>
<BasicStmnt CovItemId="S7" CovItemPrefix="ca.usherbrooke.ift232.actuRSS.bdd.Database.java" Intrnl_Id="261">
<LocList>
<Loc EndOffset="1214" SrcFileId="3" StartOffset="1145"/>
</LocList>
</BasicStmnt>
<BasicStmnt CovItemId="S8" CovItemPrefix="ca.usherbrooke.ift232.actuRSS.bdd.Database.java" Intrnl_Id="262">
<LocList>
<Loc EndOffset="1332" SrcFileId="3" StartOffset="1293"/>
</LocList>
</BasicStmnt>
<BasicStmnt CovItemId="S9" CovItemPrefix="ca.usherbrooke.ift232.actuRSS.bdd.Database.java" Intrnl_Id="263">
<LocList>
<Loc EndOffset="1938" SrcFileId="3" StartOffset="1887"/>
</LocList>
</BasicStmnt>
<BasicStmnt CovItemId="S10" CovItemPrefix="ca.usherbrooke.ift232.actuRSS.bdd.Database.java" Intrnl_Id="264">
<LocList>
<Loc EndOffset="1979" SrcFileId="3" StartOffset="1951"/>
</LocList>
</BasicStmnt>
<BasicStmnt CovItemId="S11" CovItemPrefix="ca.usherbrooke.ift232.actuRSS.bdd.Database.java" Intrnl_Id="265">
<LocList>
<Loc EndOffset="2018" SrcFileId="3" StartOffset="2006"/>
</LocList>
</BasicStmnt>
<CondStmnt CovItemId="S6" CovItemPrefix="ca.usherbrooke.ift232.actuRSS.bdd.Database.java" Intrnl_Id="266">
<Branch CovItemId="B3" CovItemPrefix="ca.usherbrooke.ift232.actuRSS.bdd.Database.java" Implct="true" Intrnl_Id="267">
<Cond/>
<LocList/>
<StmntSeq Intrnl_Id="268">
<LocList/>
</StmntSeq>
</Branch>
<Branch CovItemId="B4" CovItemPrefix="ca.usherbrooke.ift232.actuRSS.bdd.Database.java" Implct="false" Intrnl_Id="269">
<Cond>
<Loc EndOffset="2058" SrcFileId="3" StartOffset="2037"/>
</Cond>
<LocList>
<Loc EndOffset="2221" SrcFileId="3" StartOffset="2067"/>
</LocList>
<StmntSeq Intrnl_Id="270">
<LocList>
<Loc EndOffset="2185" SrcFileId="3" StartOffset="2165"/>
<Loc EndOffset="2211" SrcFileId="3" StartOffset="2198"/>
</LocList>
<BasicStmnt CovItemId="S12" CovItemPrefix="ca.usherbrooke.ift232.actuRSS.bdd.Database.java" Intrnl_Id="271">
<LocList>
<Loc EndOffset="2185" SrcFileId="3" StartOffset="2165"/>
</LocList>
</BasicStmnt>
<BasicStmnt CovItemId="S13" CovItemPrefix="ca.usherbrooke.ift232.actuRSS.bdd.Database.java" Intrnl_Id="272">
<LocList>
<Loc EndOffset="2211" SrcFileId="3" StartOffset="2198"/>
</LocList>
</BasicStmnt>
</StmntSeq>
</Branch>
<Keyword EndOffset="1086" SrcFileId="3" StartOffset="1083"/>
<LocList>
<Loc EndOffset="2221" SrcFileId="3" StartOffset="1083"/>
</LocList>
</CondStmnt>
</StmntSeq>
</HierarchyLvl>
<HierarchyLvl HierarchyLvlId="629" HierarchyLvlTypeId="6" Intrnl_Id="273" Name="disconnect">
<Header>
<Loc EndOffset="2404" SrcFileId="3" StartOffset="2376"/>
</Header>
<LocList>
<Loc EndOffset="2667" SrcFileId="3" StartOffset="2376"/>
</LocList>
<StmntSeq Intrnl_Id="274">
<LocList>
<Loc EndOffset="2503" SrcFileId="3" StartOffset="2445"/>
<Loc EndOffset="2542" SrcFileId="3" StartOffset="2530"/>
<Loc EndOffset="2661" SrcFileId="3" StartOffset="2419"/>
</LocList>
<CondStmnt CovItemId="S15" CovItemPrefix="ca.usherbrooke.ift232.actuRSS.bdd.Database.java" Intrnl_Id="275">
<Branch CovItemId="B6" CovItemPrefix="ca.usherbrooke.ift232.actuRSS.bdd.Database.java" Implct="false" Intrnl_Id="276">
<Cond/>
<LocList>
<Loc EndOffset="2503" SrcFileId="3" StartOffset="2484"/>
</LocList>
<StmntSeq Intrnl_Id="277">
<LocList>
<Loc EndOffset="2503" SrcFileId="3" StartOffset="2484"/>
</LocList>
<BasicStmnt CovItemId="S16" CovItemPrefix="ca.usherbrooke.ift232.actuRSS.bdd.Database.java" Intrnl_Id="278">
<LocList>
<Loc EndOffset="2503" SrcFileId="3" StartOffset="2484"/>
</LocList>
</BasicStmnt>
</StmntSeq>
</Branch>
<Branch CovItemId="B7" CovItemPrefix="ca.usherbrooke.ift232.actuRSS.bdd.Database.java" Implct="true" Intrnl_Id="279">
<Cond/>
<LocList/>
<StmntSeq Intrnl_Id="280">
<LocList/>
</StmntSeq>
</Branch>
<Keyword EndOffset="2447" SrcFileId="3" StartOffset="2445"/>
<LocList>
<Loc EndOffset="2503" SrcFileId="3" StartOffset="2445"/>
</LocList>
<RootTerm CovItemId="C1" CovItemPrefix="ca.usherbrooke.ift232.actuRSS.bdd.Database.java" Intrnl_Id="281">
<BasicBoolTerm Intrnl_Id="282">
<LocList>
<Loc EndOffset="2466" SrcFileId="3" StartOffset="2448"/>
</LocList>
</BasicBoolTerm>
</RootTerm>
</CondStmnt>
<BasicStmnt CovItemId="S17" CovItemPrefix="ca.usherbrooke.ift232.actuRSS.bdd.Database.java" Intrnl_Id="283">
<LocList>
<Loc EndOffset="2542" SrcFileId="3" StartOffset="2530"/>
</LocList>
</BasicStmnt>
<CondStmnt CovItemId="S14" CovItemPrefix="ca.usherbrooke.ift232.actuRSS.bdd.Database.java" Intrnl_Id="284">
<Branch CovItemId="B5" CovItemPrefix="ca.usherbrooke.ift232.actuRSS.bdd.Database.java" Implct="true" Intrnl_Id="285">
<Cond/>
<LocList/>
<StmntSeq Intrnl_Id="286">
<LocList/>
</StmntSeq>
</Branch>
<Branch CovItemId="B8" CovItemPrefix="ca.usherbrooke.ift232.actuRSS.bdd.Database.java" Implct="false" Intrnl_Id="287">
<Cond>
<Loc EndOffset="2582" SrcFileId="3" StartOffset="2561"/>
</Cond>
<LocList>
<Loc EndOffset="2661" SrcFileId="3" StartOffset="2591"/>
</LocList>
<StmntSeq Intrnl_Id="288">
<LocList>
<Loc EndOffset="2625" SrcFileId="3" StartOffset="2605"/>
<Loc EndOffset="2651" SrcFileId="3" StartOffset="2638"/>
</LocList>
<BasicStmnt CovItemId="S18" CovItemPrefix="ca.usherbrooke.ift232.actuRSS.bdd.Database.java" Intrnl_Id="289">
<LocList>
<Loc EndOffset="2625" SrcFileId="3" StartOffset="2605"/>
</LocList>
</BasicStmnt>
<BasicStmnt CovItemId="S19" CovItemPrefix="ca.usherbrooke.ift232.actuRSS.bdd.Database.java" Intrnl_Id="290">
<LocList>
<Loc EndOffset="2651" SrcFileId="3" StartOffset="2638"/>
</LocList>
</BasicStmnt>
</StmntSeq>
</Branch>
<Keyword EndOffset="2422" SrcFileId="3" StartOffset="2419"/>
<LocList>
<Loc EndOffset="2661" SrcFileId="3" StartOffset="2419"/>
</LocList>
</CondStmnt>
</StmntSeq>
</HierarchyLvl>
<HierarchyLvl HierarchyLvlId="630" HierarchyLvlTypeId="6" Intrnl_Id="291" Name="getResultOf">
<Header>
<Loc EndOffset="2907" SrcFileId="3" StartOffset="2862"/>
</Header>
<LocList>
<Loc EndOffset="3121" SrcFileId="3" StartOffset="2862"/>
</LocList>
<StmntSeq Intrnl_Id="292">
<LocList>
<Loc EndOffset="2990" SrcFileId="3" StartOffset="2948"/>
<Loc EndOffset="3084" SrcFileId="3" StartOffset="2922"/>
<Loc EndOffset="3115" SrcFileId="3" StartOffset="3103"/>
</LocList>
<BasicStmnt CovItemId="S21" CovItemPrefix="ca.usherbrooke.ift232.actuRSS.bdd.Database.java" Intrnl_Id="293">
<LocList>
<Loc EndOffset="2990" SrcFileId="3" StartOffset="2948"/>
</LocList>
</BasicStmnt>
<CondStmnt CovItemId="S20" CovItemPrefix="ca.usherbrooke.ift232.actuRSS.bdd.Database.java" Intrnl_Id="294">
<Branch CovItemId="B9" CovItemPrefix="ca.usherbrooke.ift232.actuRSS.bdd.Database.java" Implct="true" Intrnl_Id="295">
<Cond/>
<LocList/>
<StmntSeq Intrnl_Id="296">
<LocList/>
</StmntSeq>
</Branch>
<Branch CovItemId="B10" CovItemPrefix="ca.usherbrooke.ift232.actuRSS.bdd.Database.java" Implct="false" Intrnl_Id="297">
<Cond>
<Loc EndOffset="3031" SrcFileId="3" StartOffset="3009"/>
</Cond>
<LocList>
<Loc EndOffset="3084" SrcFileId="3" StartOffset="3040"/>
</LocList>
<StmntSeq Intrnl_Id="298">
<LocList>
<Loc EndOffset="3074" SrcFileId="3" StartOffset="3054"/>
</LocList>
<BasicStmnt CovItemId="S22" CovItemPrefix="ca.usherbrooke.ift232.actuRSS.bdd.Database.java" Intrnl_Id="299">
<LocList>
<Loc EndOffset="3074" SrcFileId="3" StartOffset="3054"/>
</LocList>
</BasicStmnt>
</StmntSeq>
</Branch>
<Keyword EndOffset="2925" SrcFileId="3" StartOffset="2922"/>
<LocList>
<Loc EndOffset="3084" SrcFileId="3" StartOffset="2922"/>
</LocList>
</CondStmnt>
<BasicStmnt CovItemId="S23" CovItemPrefix="ca.usherbrooke.ift232.actuRSS.bdd.Database.java" Intrnl_Id="300">
<LocList>
<Loc EndOffset="3115" SrcFileId="3" StartOffset="3103"/>
</LocList>
</BasicStmnt>
</StmntSeq>
</HierarchyLvl>
<HierarchyLvl HierarchyLvlId="631" HierarchyLvlTypeId="6" Intrnl_Id="301" Name="updateValue">
<Header>
<Loc EndOffset="3304" SrcFileId="3" StartOffset="3264"/>
</Header>
<LocList>
<Loc EndOffset="3481" SrcFileId="3" StartOffset="3264"/>
</LocList>
<StmntSeq Intrnl_Id="302">
<LocList>
<Loc EndOffset="3381" SrcFileId="3" StartOffset="3345"/>
<Loc EndOffset="3475" SrcFileId="3" StartOffset="3319"/>
</LocList>
<BasicStmnt CovItemId="S25" CovItemPrefix="ca.usherbrooke.ift232.actuRSS.bdd.Database.java" Intrnl_Id="303">
<LocList>
<Loc EndOffset="3381" SrcFileId="3" StartOffset="3345"/>
</LocList>
</BasicStmnt>
<CondStmnt CovItemId="S24" CovItemPrefix="ca.usherbrooke.ift232.actuRSS.bdd.Database.java" Intrnl_Id="304">
<Branch CovItemId="B11" CovItemPrefix="ca.usherbrooke.ift232.actuRSS.bdd.Database.java" Implct="true" Intrnl_Id="305">
<Cond/>
<LocList/>
<StmntSeq Intrnl_Id="306">
<LocList/>
</StmntSeq>
</Branch>
<Branch CovItemId="B12" CovItemPrefix="ca.usherbrooke.ift232.actuRSS.bdd.Database.java" Implct="false" Intrnl_Id="307">
<Cond>
<Loc EndOffset="3422" SrcFileId="3" StartOffset="3400"/>
</Cond>
<LocList>
<Loc EndOffset="3475" SrcFileId="3" StartOffset="3431"/>
</LocList>
<StmntSeq Intrnl_Id="308">
<LocList>
<Loc EndOffset="3465" SrcFileId="3" StartOffset="3445"/>
</LocList>
<BasicStmnt CovItemId="S26" CovItemPrefix="ca.usherbrooke.ift232.actuRSS.bdd.Database.java" Intrnl_Id="309">
<LocList>
<Loc EndOffset="3465" SrcFileId="3" StartOffset="3445"/>
</LocList>
</BasicStmnt>
</StmntSeq>
</Branch>
<Keyword EndOffset="3322" SrcFileId="3" StartOffset="3319"/>
<LocList>
<Loc EndOffset="3475" SrcFileId="3" StartOffset="3319"/>
</LocList>
</CondStmnt>
</StmntSeq>
</HierarchyLvl>
</HierarchyLvl>
</HierarchyLvl>
</HierarchyLvl>
</HierarchyLvl>
</HierarchyLvl>
</HierarchyLvl>
</HierarchyLvl>
</MASTRoot>
</TestSessionContainer>
